**********************
Windows PowerShell transcript start
Start time: 20260307053116
Username: ITBADC\maxvega
RunAs User: ITBADC\maxvega
Configuration Name: 
Machine: NB-QUI11 (Microsoft Windows NT 10.0.19043.0)
Host Application: C:\Windows\System32\WindowsPowerShell\v1.0\powershell.exe -NoProfile -ExecutionPolicy Bypass -WindowStyle Hidden -File C:\Users\maxvega\Documents\Win_mPES\utils\watch_and_push.ps1 pes_dqn -LogFile C:\Users\maxvega\Documents\Win_mPES\pes_dqn\inputs\watcher.log 1384
Process ID: 6360
PSVersion: 5.1.19041.1682
PSEdition: Desktop
PSCompatibleVersions: 1.0, 2.0, 3.0, 4.0, 5.0, 5.1.19041.1682
BuildVersion: 10.0.19041.1682
CLRVersion: 4.0.30319.42000
WSManStackVersion: 3.0
PSRemotingProtocolVersion: 2.3
SerializationVersion: 1.1.0.1
**********************
[watch_and_push] Paquete: pes_dqn
[watch_and_push] Vigilando PIDs: 1384
[watch_and_push] Proyecto: C:\Users\maxvega\Documents\Win_mPES
[watch_and_push] Rama: optimusv1
[watch_and_push] PID 1384 -> pes_dqn (PID 1384)
