
====================================================================================================
  EXPERIMENT CONFIGURATION PARAMETERS
====================================================================================================

Variable Name                                 Variable Value                 Suggested Value     
----------------------------------------------------------------------------------------------------
AVAILABLE_RESOURCES_PER_SEQUENCE              39                             49                  
INIT_NO_OF_CITIES                             2                             
NUM_BLOCKS                                    8                              8                   
NUM_MAX_TRIALS                                10                             10                  
NUM_MIN_TRIALS                                3                              3                   
NUM_SEQUENCES                                 8                              8                   
PANDEMIC_PARAMETER                            0.4                            0.6                 
PLAYER_TYPE                                   AC_AGENT                      
RESPONSE_MULTIPLIER                           0.4                            0.6                 
SEVERITY_MULTIPLIER                           1.4                            1.6                 
TOTAL_NUM_TRIALS_IN_BLOCK                     45                             45                  
USE_FIXED_BLOCK_SEQUENCES                     True                          
INITIAL_SEVERITY_FILE                         initial_severity.csv          
SEQ_LENGTHS_FILE                              sequence_lengths.csv          
AGGREGATION_METHOD                            confidence_weighted_mean      
====================================================================================================


================================================================================
  BAYESIAN OPTIMISATION — A2C HYPERPARAMETERS
================================================================================

ℹ Output directory: C:\Users\maxvega\Documents\Win_mPES\pes_ac\inputs\2026-03-07_BAYESIAN_OPT
ℹ Target number of trials: 100


--------------------------------------------------------------------------------
  Loading Evaluation Data
--------------------------------------------------------------------------------

→ Sequence lengths shape: (64,)
→ Sequences loaded: 64


--------------------------------------------------------------------------------
  Running Bayesian Optimisation
--------------------------------------------------------------------------------

ℹ Search space:
→ actor_lr             ∈ [1e-4, 1e-2]   (log scale)
→ critic_lr            ∈ [1e-4, 1e-2]   (log scale)
→ discount_factor      ∈ [0.85, 0.99]
→ entropy_coeff        ∈ [0.001, 0.1]   (log scale)
→ epsilon_initial      ∈ [0.50, 0.90]
→ epsilon_min          ∈ [0.02, 0.10]
→ num_episodes         ∈ [50000, 300000]  (step=25000)
→ actor_hidden_dim     ∈ [32, 64]  (step=32)
→ critic_hidden_dim    ∈ [32, 64]  (step=32)
→ n_hidden_layers      ∈ {1, 2}

ℹ Warm-start: known-good defaults enqueued as first trial
ℹ Starting fresh: 100 trials to run
  Trial   1/100  |  value=0.8079  |  best=0.8079  |  elapsed=3910s
  Trial   2/100  |  value=0.8059  |  best=0.8079  |  elapsed=6467s
  Trial   3/100  |  value=0.8079  |  best=0.8079  |  elapsed=11585s
  Trial   4/100  |  value=0.8275  |  best=0.8275  |  elapsed=15038s
  Trial   5/100  |  value=0.8071  |  best=0.8275  |  elapsed=18616s
  Trial   6/100  |  value=0.8079  |  best=0.8275  |  elapsed=23431s
  Trial   7/100  |  value=0.7927  |  best=0.8275  |  elapsed=25189s
  Trial   8/100  |  value=0.8079  |  best=0.8275  |  elapsed=28785s
  Trial   9/100  |  value=0.8079  |  best=0.8275  |  elapsed=37360s
  Trial  10/100  |  value=0.8079  |  best=0.8275  |  elapsed=47133s
  Trial  11/100  |  value=0.8079  |  best=0.8275  |  elapsed=55669s
  Trial  12/100  |  value=0.8079  |  best=0.8275  |  elapsed=63388s
  Trial  13/100  |  value=0.8079  |  best=0.8275  |  elapsed=67960s
  Trial  14/100  |  value=0.8170  |  best=0.8275  |  elapsed=76159s
  Trial  15/100  |  value=0.8079  |  best=0.8275  |  elapsed=87528s
  Trial  16/100  |  value=0.8164  |  best=0.8275  |  elapsed=96644s
  Trial  17/100  |  value=0.8079  |  best=0.8275  |  elapsed=104221s
  Trial  18/100  |  value=0.8079  |  best=0.8275  |  elapsed=113946s
  Trial  19/100  |  value=0.7927  |  best=0.8275  |  elapsed=121136s
  Trial  20/100  |  value=0.8079  |  best=0.8275  |  elapsed=131976s
  Trial  21/100  |  value=0.8079  |  best=0.8275  |  elapsed=138100s
  Trial  22/100  |  value=0.8079  |  best=0.8275  |  elapsed=146681s
  Trial  23/100  |  value=0.4808  |  best=0.8275  |  elapsed=156467s
  Trial  24/100  |  value=0.8079  |  best=0.8275  |  elapsed=162739s
  Trial  25/100  |  value=0.7927  |  best=0.8275  |  elapsed=174790s
  Trial  26/100  |  value=0.8079  |  best=0.8275  |  elapsed=182348s
  Trial  27/100  |  value=0.8079  |  best=0.8275  |  elapsed=187509s
