nohup: no se tendrá en cuenta la entrada
[watch_and_push] Vigilando PIDs: 333569 333652
[watch_and_push] Proyecto: /home/mecatronica/Documentos/maximiliano/mPES
[watch_and_push] Rama: optim_rlv2
[watch_and_push] PID 333569 -> PES_Bayesian.ext.optimize_rl 50
[watch_and_push] PID 333652 -> PES_QLv2.ext.optimize_rl 80
[watch_and_push] [2026-02-21 13:29] PID 333569 (PES_Bayesian.ext.optimize_rl 50) terminó. Realizando commit + push...
[optim_rlv2 9bd1470] auto: Optimización PES_Bayesian.ext.optimize_rl 50 completada (2026-02-21 13:29)
 10 files changed, 48765 insertions(+)
 create mode 100644 PES_Bayesian/inputs/2026-02-20_BAYESIAN_OPT/hyperparameter_importances_2026-02-20.png
 create mode 100644 PES_Bayesian/inputs/2026-02-20_BAYESIAN_OPT/optimization_history_2026-02-20.png
 create mode 100644 PES_Bayesian/inputs/2026-02-20_BAYESIAN_OPT/optimization_results_2026-02-20.txt
 create mode 100644 PES_Bayesian/inputs/2026-02-20_BAYESIAN_OPT/optuna_study_2026-02-20.db
 create mode 100644 PES_Bayesian/inputs/2026-02-20_BAYESIAN_OPT/q_best_2026-02-20.npy
 create mode 100644 PES_Bayesian/inputs/2026-02-20_BAYESIAN_OPT/rewards_best_2026-02-20.npy
 create mode 100644 PES_Bayesian/inputs/bayesian_opt.log
 create mode 100644 PES_QLv2/inputs/2026-02-20_BAYESIAN_OPT/optuna_study_2026-02-20.db
 create mode 100644 PES_QLv2/inputs/bayesian_opt.log
 create mode 100644 watch_and_push.log
To https://github.com/Maximiliano0/mPES_2026.git
   c3b0214..9bd1470  optim_rlv2 -> optim_rlv2
[watch_and_push] [2026-02-21 13:29] Push completado para PES_Bayesian.ext.optimize_rl 50
[notify] ERROR al enviar notificación: 'latin-1' codec can't encode character '\u2014' in position 35: ordinal not in range(256)
[watch_and_push] [2026-02-22 05:27] PID 333652 (PES_QLv2.ext.optimize_rl 80) terminó. Realizando commit + push...
[optim_rlv2 bd1cf1c] auto: Optimización PES_QLv2.ext.optimize_rl 80 completada (2026-02-22 05:27)
 8 files changed, 19559 insertions(+), 1 deletion(-)
 create mode 100644 PES_QLv2/inputs/2026-02-20_BAYESIAN_OPT/hyperparameter_importances_2026-02-20.png
 create mode 100644 PES_QLv2/inputs/2026-02-20_BAYESIAN_OPT/optimization_history_2026-02-20.png
 create mode 100644 PES_QLv2/inputs/2026-02-20_BAYESIAN_OPT/optimization_results_2026-02-20.txt
 create mode 100644 PES_QLv2/inputs/2026-02-20_BAYESIAN_OPT/q_best_2026-02-20.npy
 create mode 100644 PES_QLv2/inputs/2026-02-20_BAYESIAN_OPT/rewards_best_2026-02-20.npy
To https://github.com/Maximiliano0/mPES_2026.git
   9bd1470..bd1cf1c  optim_rlv2 -> optim_rlv2
[watch_and_push] [2026-02-22 05:27] Push completado para PES_QLv2.ext.optimize_rl 80
[notify] ERROR al enviar notificación: 'latin-1' codec can't encode character '\u2014' in position 35: ordinal not in range(256)
[watch_and_push] Todas las optimizaciones terminaron. Saliendo.
