nohup: no se tendrá en cuenta la entrada

====================================================================================================
  EXPERIMENT CONFIGURATION PARAMETERS
====================================================================================================

Variable Name                                 Variable Value                 Suggested Value     
----------------------------------------------------------------------------------------------------
AVAILABLE_RESOURCES_PER_SEQUENCE              39                             49                  
INIT_NO_OF_CITIES                             2                             
NUM_BLOCKS                                    8                              8                   
NUM_MAX_TRIALS                                10                             10                  
NUM_MIN_TRIALS                                3                              3                   
NUM_SEQUENCES                                 8                              8                   
PANDEMIC_PARAMETER                            0.4                            0.6                 
PLAYER_TYPE                                   RL_AGENT                      
RESPONSE_MULTIPLIER                           0.4                            0.6                 
SEVERITY_MULTIPLIER                           1.4                            1.6                 
TOTAL_NUM_TRIALS_IN_BLOCK                     45                             45                  
USE_FIXED_BLOCK_SEQUENCES                     True                          
INITIAL_SEVERITY_FILE                         initial_severity.csv          
SEQ_LENGTHS_FILE                              sequence_lengths.csv          
AGGREGATION_METHOD                            confidence_weighted_mean      
====================================================================================================


================================================================================
  BAYESIAN OPTIMISATION — Q-LEARNING HYPERPARAMETERS
================================================================================

ℹ Output directory: /home/mecatronica/Documentos/maximiliano/mPES/PES_Bayesian/inputs/2026-02-12_BAYESIAN_OPT
ℹ Target number of trials: 100


--------------------------------------------------------------------------------
  Loading Evaluation Data
--------------------------------------------------------------------------------

→ Sequence lengths shape: (64,)
→ Sequences loaded: 64


--------------------------------------------------------------------------------
  Running Bayesian Optimisation
--------------------------------------------------------------------------------

ℹ Search space:
→ learning_rate    ∈ [0.01, 0.5]   (log scale)
→ discount_factor  ∈ [0.80, 0.99]
→ epsilon_initial  ∈ [0.30, 1.00]
→ epsilon_min      ∈ [0.00, 0.10]
→ num_episodes     ∈ [5000, 40000]  (step=5000)

ℹ Resuming: 42 trials already completed, 58 remaining
Episode 10000 Average Reward: -122.15653347562491
Episode 20000 Average Reward: -107.48657031478267
Episode 30000 Average Reward: -99.04223918631934
Episode 40000 Average Reward: -88.69298443682813
State: [30, 0, 5]
State: [21, 1, 6]
State: [12, 2, 4]
State: [3, 3, 5]
State: [0, 4, 8]
-- :   0.00:  0.00:  0.00:  6.92: 11.20 ->  Done!
State: [30, 0, 8]
State: [21, 1, 2]
State: [14, 2, 3]
State: [8, 3, 2]
State: [0, 4, 5]
State: [0, 5, 2]
State: [0, 6, 5]
-- :   0.00:  0.00:  0.00:  0.00: 13.72:  3.92:  7.00 ->  Done!
State: [30, 0, 6]
State: [21, 1, 3]
State: [11, 2, 6]
State: [9, 3, 6]
State: [1, 4, 2]
State: [0, 5, 5]
-- :   0.00:  0.00: 17.37:  2.51:  2.96:  7.00 ->  Done!
State: [30, 0, 3]
State: [21, 1, 4]
State: [12, 2, 3]
State: [8, 3, 6]
State: [0, 4, 5]
-- :   0.00:  0.00:  1.26:  4.08:  7.00 ->  Done!
State: [30, 0, 3]
State: [21, 1, 5]
State: [11, 2, 7]
State: [4, 3, 4]
-- :   0.00:  0.00:  7.00:  4.00 ->  Done!
State: [30, 0, 3]
State: [21, 1, 4]
State: [12, 2, 8]
State: [3, 3, 8]
State: [0, 4, 6]
State: [0, 5, 8]
-- :   0.00:  0.00:  5.16: 16.72: 11.76: 11.20 ->  Done!
State: [30, 0, 7]
State: [20, 1, 4]
State: [13, 2, 2]
State: [4, 3, 6]
-- :   0.00:  0.00:  0.00:  6.80 ->  Done!
State: [30, 0, 5]
State: [21, 1, 4]
State: [12, 2, 3]
State: [8, 3, 4]
State: [0, 4, 5]
State: [0, 5, 3]
State: [0, 6, 4]
State: [0, 7, 5]
-- :   0.00:  0.00:  0.00:  0.00: 19.21:  8.23:  7.84:  7.00 ->  Done!
State: [30, 0, 5]
State: [21, 1, 6]
State: [12, 2, 4]
State: [3, 3, 5]
State: [0, 4, 8]
State: [0, 5, 8]
State: [0, 6, 2]
State: [0, 7, 3]
-- :   0.00:  0.00:  0.00: 13.76: 30.73: 21.95:  3.92:  4.20 ->  Done!
State: [30, 0, 2]
State: [21, 1, 5]
State: [11, 2, 2]
State: [4, 3, 5]
State: [0, 4, 6]
State: [0, 5, 3]
State: [0, 6, 6]
State: [0, 7, 6]
-- :   0.00:  0.00:  0.00:  9.38: 23.05:  8.23: 11.76:  8.40 ->  Done!
State: [30, 0, 2]
State: [21, 1, 5]
State: [11, 2, 3]
-- :   0.00:  0.20:  1.40 ->  Done!
State: [30, 0, 4]
State: [21, 1, 3]
State: [11, 2, 6]
State: [9, 3, 5]
State: [0, 4, 3]
-- :   0.00:  0.00: 12.98:  1.16:  4.20 ->  Done!
State: [30, 0, 5]
State: [21, 1, 7]
State: [12, 2, 4]
-- :   0.00:  5.08:  2.00 ->  Done!
State: [30, 0, 3]
State: [21, 1, 4]
State: [12, 2, 8]
State: [3, 3, 8]
State: [0, 4, 6]
-- :   0.00:  0.00:  6.26: 12.80:  8.40 ->  Done!
State: [30, 0, 8]
State: [21, 1, 7]
State: [12, 2, 4]
State: [3, 3, 2]
State: [0, 4, 6]
State: [0, 5, 5]
State: [0, 6, 4]
State: [0, 7, 3]
-- :   0.00:  0.00:  0.00:  0.00: 23.05: 13.72:  7.84:  4.20 ->  Done!
State: [30, 0, 4]
State: [21, 1, 5]
State: [11, 2, 3]
State: [4, 3, 4]
State: [0, 4, 5]
-- :   0.00:  0.00:  0.00:  4.00:  7.00 ->  Done!
State: [30, 0, 5]
State: [21, 1, 6]
State: [12, 2, 4]
State: [3, 3, 5]
State: [0, 4, 8]
State: [0, 5, 8]
-- :   0.00:  0.00:  0.00:  8.49: 15.68: 11.20 ->  Done!
State: [30, 0, 2]
State: [21, 1, 3]
State: [11, 2, 2]
State: [4, 3, 5]
State: [0, 4, 2]
State: [0, 5, 5]
State: [0, 6, 6]
State: [0, 7, 3]
State: [0, 8, 6]
State: [0, 9, 6]
-- :   0.00:  0.00:  0.00: 14.54: 15.06: 26.89: 23.05:  8.23: 11.76:  8.40 ->  Done!
State: [30, 0, 2]
State: [21, 1, 5]
State: [11, 2, 3]
State: [4, 3, 4]
State: [0, 4, 3]
-- :   0.00:  0.00:  0.00:  4.00:  4.20 ->  Done!
State: [30, 0, 6]
State: [21, 1, 5]
State: [11, 2, 3]
-- :   0.77:  0.20:  1.40 ->  Done!
State: [30, 0, 5]
State: [21, 1, 7]
State: [12, 2, 4]
-- :   0.00:  5.08:  2.00 ->  Done!
State: [30, 0, 3]
State: [21, 1, 4]
State: [12, 2, 8]
-- :   0.00:  0.00:  7.60 ->  Done!
State: [30, 0, 8]
State: [21, 1, 6]
State: [12, 2, 8]
State: [3, 3, 7]
State: [0, 4, 4]
State: [0, 5, 2]
State: [0, 6, 6]
State: [0, 7, 5]
-- :   0.00:  0.00:  1.47: 24.51: 15.37:  5.49: 11.76:  7.00 ->  Done!
State: [30, 0, 4]
State: [21, 1, 3]
State: [11, 2, 4]
State: [2, 3, 5]
State: [0, 4, 3]
State: [0, 5, 4]
State: [0, 6, 5]
-- :   0.00:  0.00:  0.00: 13.52:  8.23:  7.84:  7.00 ->  Done!
State: [30, 0, 5]
State: [21, 1, 6]
State: [12, 2, 4]
State: [3, 3, 5]
-- :   0.00:  0.77:  0.00:  5.80 ->  Done!
State: [30, 0, 8]
State: [21, 1, 8]
State: [12, 2, 2]
State: [4, 3, 3]
State: [0, 4, 2]
State: [0, 5, 5]
-- :   1.47:  3.62:  0.00:  1.26:  3.92:  7.00 ->  Done!
State: [30, 0, 2]
State: [21, 1, 5]
State: [11, 2, 6]
State: [9, 3, 3]
State: [0, 4, 6]
State: [0, 5, 6]
-- :   0.00:  0.00: 17.37:  0.00: 11.76:  8.40 ->  Done!
State: [30, 0, 2]
State: [21, 1, 5]
State: [11, 2, 3]
State: [4, 3, 4]
State: [0, 4, 3]
-- :   0.00:  0.00:  0.00:  4.00:  4.20 ->  Done!
State: [30, 0, 6]
State: [21, 1, 5]
State: [11, 2, 3]
State: [4, 3, 5]
State: [0, 4, 7]
State: [0, 5, 4]
-- :   0.00:  0.00:  0.00:  6.74: 13.72:  5.60 ->  Done!
State: [30, 0, 3]
State: [21, 1, 4]
State: [12, 2, 8]
State: [3, 3, 8]
State: [0, 4, 6]
State: [0, 5, 8]
State: [0, 6, 7]
State: [0, 7, 4]
-- :   0.00:  0.00:  1.47: 29.89: 23.05: 21.95: 13.72:  5.60 ->  Done!
State: [30, 0, 2]
State: [21, 1, 6]
State: [12, 2, 5]
State: [2, 3, 4]
State: [0, 4, 3]
State: [0, 5, 4]
State: [0, 6, 5]
-- :   0.00:  0.00:  0.00:  9.68:  8.23:  7.84:  7.00 ->  Done!
State: [30, 0, 3]
State: [21, 1, 4]
State: [12, 2, 5]
-- :   0.00:  0.00:  3.00 ->  Done!
State: [30, 0, 5]
State: [21, 1, 6]
State: [12, 2, 4]
State: [3, 3, 5]
State: [0, 4, 8]
State: [0, 5, 8]
State: [0, 6, 2]
-- :   0.00:  0.00:  0.00: 10.68: 21.95: 15.68:  2.80 ->  Done!
State: [30, 0, 3]
State: [21, 1, 2]
State: [14, 2, 5]
State: [4, 3, 2]
-- :   0.00:  0.00:  0.20:  1.20 ->  Done!
State: [30, 0, 5]
State: [21, 1, 6]
State: [12, 2, 3]
State: [8, 3, 6]
State: [0, 4, 6]
State: [0, 5, 2]
-- :   0.00:  0.00:  0.16:  2.51: 11.76:  2.80 ->  Done!
State: [30, 0, 5]
State: [21, 1, 3]
State: [11, 2, 4]
State: [2, 3, 3]
State: [0, 4, 6]
-- :   0.00:  0.00:  0.00:  3.96:  8.40 ->  Done!
State: [30, 0, 5]
State: [21, 1, 3]
State: [11, 2, 5]
-- :   0.00:  0.00:  3.40 ->  Done!
State: [30, 0, 7]
State: [20, 1, 4]
State: [13, 2, 3]
State: [3, 3, 4]
State: [0, 4, 8]
State: [0, 5, 8]
State: [0, 6, 6]
State: [0, 7, 8]
State: [0, 8, 7]
State: [0, 9, 4]
-- :   0.00:  0.00:  0.00: 13.54: 60.24: 43.03: 23.05: 21.95: 13.72:  5.60 ->  Done!
State: [30, 0, 2]
State: [21, 1, 6]
State: [12, 2, 5]
State: [2, 3, 4]
State: [0, 4, 3]
State: [0, 5, 4]
-- :   0.00:  0.00:  0.00:  7.49:  5.88:  5.60 ->  Done!
State: [30, 0, 5]
State: [21, 1, 3]
State: [11, 2, 4]
State: [2, 3, 5]
-- :   0.00:  0.00:  0.00:  6.20 ->  Done!
State: [30, 0, 5]
State: [21, 1, 6]
State: [12, 2, 4]
State: [3, 3, 5]
State: [0, 4, 8]
State: [0, 5, 8]
State: [0, 6, 2]
State: [0, 7, 3]
State: [0, 8, 2]
-- :   0.00:  0.00:  0.00: 18.06: 43.03: 30.73:  5.49:  5.88:  2.80 ->  Done!
State: [30, 0, 5]
State: [21, 1, 2]
State: [14, 2, 5]
State: [4, 3, 6]
State: [0, 4, 3]
State: [0, 5, 6]
State: [0, 6, 6]
-- :   0.00:  0.00:  0.00: 11.68:  8.23: 11.76:  8.40 ->  Done!
State: [30, 0, 2]
State: [21, 1, 5]
State: [11, 2, 3]
State: [4, 3, 4]
State: [0, 4, 3]
State: [0, 5, 6]
State: [0, 6, 5]
-- :   0.00:  0.00:  0.00:  4.00:  8.23: 11.76:  7.00 ->  Done!
State: [30, 0, 3]
State: [21, 1, 5]
State: [11, 2, 7]
State: [4, 3, 4]
State: [0, 4, 3]
State: [0, 5, 4]
-- :   0.00:  0.00:  7.00:  4.00:  5.88:  5.60 ->  Done!
State: [30, 0, 8]
State: [21, 1, 8]
State: [12, 2, 6]
-- :   6.26:  7.04:  6.00 ->  Done!
State: [30, 0, 8]
State: [21, 1, 7]
State: [12, 2, 4]
-- :   6.26:  5.08:  2.00 ->  Done!
State: [30, 0, 2]
State: [21, 1, 6]
State: [12, 2, 5]
State: [2, 3, 4]
State: [0, 4, 3]
State: [0, 5, 4]
State: [0, 6, 5]
-- :   0.00:  0.00:  0.00:  9.68:  8.23:  7.84:  7.00 ->  Done!
State: [30, 0, 3]
State: [21, 1, 4]
State: [12, 2, 5]
-- :   0.00:  0.00:  3.00 ->  Done!
State: [30, 0, 5]
State: [21, 1, 6]
State: [12, 2, 4]
State: [3, 3, 5]
State: [0, 4, 8]
State: [0, 5, 8]
State: [0, 6, 2]
State: [0, 7, 3]
State: [0, 8, 2]
-- :   0.00:  0.00:  0.00: 18.06: 43.03: 30.73:  5.49:  5.88:  2.80 ->  Done!
State: [30, 0, 5]
State: [21, 1, 2]
State: [14, 2, 5]
-- :   0.00:  0.00:  3.00 ->  Done!
State: [30, 0, 6]
State: [21, 1, 3]
State: [11, 2, 6]
State: [9, 3, 6]
State: [1, 4, 2]
State: [0, 5, 5]
-- :   0.00:  0.00: 17.37:  2.51:  2.96:  7.00 ->  Done!
State: [30, 0, 3]
State: [21, 1, 4]
State: [12, 2, 3]
State: [8, 3, 6]
State: [0, 4, 5]
State: [0, 5, 3]
-- :   0.00:  0.00:  0.16:  2.51:  9.80:  4.20 ->  Done!
State: [30, 0, 5]
State: [21, 1, 7]
State: [12, 2, 4]
State: [3, 3, 3]
State: [0, 4, 4]
State: [0, 5, 8]
-- :   0.00:  0.00:  0.00:  3.00:  7.84: 11.20 ->  Done!
State: [30, 0, 8]
State: [21, 1, 6]
State: [12, 2, 8]
State: [3, 3, 7]
State: [0, 4, 4]
-- :   3.62:  0.00:  6.26: 10.84:  5.60 ->  Done!
State: [30, 0, 2]
State: [21, 1, 6]
State: [12, 2, 5]
State: [2, 3, 4]
State: [0, 4, 3]
State: [0, 5, 4]
-- :   0.00:  0.00:  0.00:  7.49:  5.88:  5.60 ->  Done!
State: [30, 0, 5]
State: [21, 1, 3]
State: [11, 2, 4]
State: [2, 3, 5]
-- :   0.00:  0.00:  0.00:  6.20 ->  Done!
State: [30, 0, 5]
State: [21, 1, 6]
State: [12, 2, 4]
State: [3, 3, 5]
-- :   0.00:  0.77:  0.00:  5.80 ->  Done!
State: [30, 0, 8]
State: [21, 1, 8]
State: [12, 2, 2]
State: [4, 3, 3]
State: [0, 4, 2]
State: [0, 5, 5]
State: [0, 6, 2]
State: [0, 7, 5]
-- :   0.00:  0.00:  0.00:  0.00:  7.68: 13.72:  3.92:  7.00 ->  Done!
State: [30, 0, 6]
State: [21, 1, 3]
State: [11, 2, 6]
State: [9, 3, 6]
-- :   0.00:  0.00:  9.84:  5.20 ->  Done!
State: [30, 0, 2]
State: [21, 1, 5]
State: [11, 2, 3]
State: [4, 3, 4]
State: [0, 4, 3]
State: [0, 5, 6]
State: [0, 6, 5]
-- :   0.00:  0.00:  0.00:  4.00:  8.23: 11.76:  7.00 ->  Done!
State: [30, 0, 3]
State: [21, 1, 5]
State: [11, 2, 7]
-- :   0.00:  0.20:  7.00 ->  Done!
State: [30, 0, 4]
State: [21, 1, 3]
State: [11, 2, 4]
State: [2, 3, 8]
State: [0, 4, 8]
-- :   0.00:  0.00:  0.00: 13.76: 11.20 ->  Done!
State: [30, 0, 6]
State: [21, 1, 8]
State: [12, 2, 7]
State: [4, 3, 4]
-- :   0.00:  6.26:  6.04:  4.00 ->  Done!
State: [30, 0, 2]
State: [21, 1, 6]
State: [12, 2, 5]
State: [2, 3, 4]
State: [0, 4, 3]
State: [0, 5, 4]
State: [0, 6, 5]
State: [0, 7, 3]
State: [0, 8, 4]
State: [0, 9, 5]
-- :   0.00:  0.00:  0.00: 23.08: 22.59: 21.51: 19.21:  8.23:  7.84:  7.00 ->  Done!
[18.119999999999997, 24.639999999999997, 29.838399999999986, 12.335999999999995, 10.999999999999996, 44.83839999999999, 6.799999999999999, 42.27999999999999, 74.56127999999998, 60.819839999999985, 1.5999999999999983, 18.33599999999999, 7.079999999999998, 27.455999999999996, 48.80959999999999, 10.999999999999998, 35.367999999999995, 107.93322239999998, 8.199999999999998, 2.367999999999995, 7.079999999999998, 7.6, 65.59782399999996, 36.596799999999995, 6.567999999999996, 17.268223999999986, 37.52639999999998, 8.199999999999998, 26.063999999999993, 95.68326399999997, 32.7552, 3.0, 51.115199999999994, 1.399999999999999, 17.230399999999992, 12.359999999999998, 3.4, 181.12515839999992, 18.967999999999996, 6.2, 105.98579199999996, 40.07519999999999, 30.99199999999999, 22.47999999999999, 19.295999999999996, 13.335999999999997, 32.7552, 3.0, 105.98579199999996, 3.0, 29.838399999999986, 16.67039999999999, 22.039999999999996, 26.317759999999993, 18.967999999999996, 6.2, 6.567999999999996, 32.32319999999999, 15.039999999999996, 30.99199999999999, 7.1999999999999975, 24.959999999999994, 16.295999999999996, 109.46426879999999]
  Trial  44/100  |  value=0.8315  |  best=0.8395  |  elapsed=80s
Episode 10000 Average Reward: -128.18703010971643
Episode 20000 Average Reward: -117.21682179932156
Episode 30000 Average Reward: -103.23780554992636
State: [30, 0, 5]
State: [20, 1, 6]
State: [10, 2, 4]
State: [3, 3, 5]
State: [0, 4, 8]
-- :   0.00:  0.00:  0.00:  6.92: 11.20 ->  Done!
State: [30, 0, 8]
State: [20, 1, 2]
State: [10, 2, 3]
State: [7, 3, 2]
State: [0, 4, 5]
State: [0, 5, 2]
State: [0, 6, 5]
-- :   0.00:  0.00:  3.00:  0.00: 13.72:  3.92:  7.00 ->  Done!
State: [30, 0, 6]
State: [20, 1, 3]
State: [10, 2, 6]
State: [0, 3, 6]
State: [0, 4, 2]
State: [0, 5, 5]
-- :   0.00:  0.00:  0.00: 16.46:  3.92:  7.00 ->  Done!
State: [30, 0, 3]
State: [20, 1, 4]
State: [10, 2, 3]
State: [7, 3, 6]
State: [0, 4, 5]
-- :   0.00:  0.00:  3.00:  5.04:  7.00 ->  Done!
State: [30, 0, 3]
State: [20, 1, 5]
State: [10, 2, 7]
State: [8, 3, 4]
-- :   0.00:  0.00: 11.80:  2.40 ->  Done!
State: [30, 0, 3]
State: [20, 1, 4]
State: [10, 2, 8]
State: [5, 3, 8]
State: [0, 4, 6]
State: [0, 5, 8]
-- :   0.00:  0.00: 16.52: 13.23: 11.76: 11.20 ->  Done!
State: [30, 0, 7]
State: [20, 1, 4]
State: [10, 2, 2]
State: [8, 3, 6]
-- :   0.00:  0.00:  2.00:  5.20 ->  Done!
State: [30, 0, 5]
State: [20, 1, 4]
State: [10, 2, 3]
State: [7, 3, 4]
State: [0, 4, 5]
State: [0, 5, 3]
State: [0, 6, 4]
State: [0, 7, 5]
-- :   0.00:  0.00:  3.00:  0.00: 19.21:  8.23:  7.84:  7.00 ->  Done!
State: [30, 0, 5]
State: [20, 1, 6]
State: [10, 2, 4]
State: [3, 3, 5]
State: [0, 4, 8]
State: [0, 5, 8]
State: [0, 6, 2]
State: [0, 7, 3]
-- :   0.00:  0.00:  0.00: 13.76: 30.73: 21.95:  3.92:  4.20 ->  Done!
State: [30, 0, 2]
State: [23, 1, 5]
State: [13, 2, 2]
State: [3, 3, 5]
State: [0, 4, 6]
State: [0, 5, 3]
State: [0, 6, 6]
State: [0, 7, 6]
-- :   0.00:  0.00:  0.00: 13.76: 23.05:  8.23: 11.76:  8.40 ->  Done!
State: [30, 0, 2]
State: [23, 1, 5]
State: [13, 2, 3]
-- :   0.00:  0.20:  3.40 ->  Done!
State: [30, 0, 4]
State: [20, 1, 3]
State: [10, 2, 6]
State: [0, 3, 5]
State: [0, 4, 3]
-- :   0.00:  0.00:  0.00:  9.80:  4.20 ->  Done!
State: [30, 0, 5]
State: [20, 1, 7]
State: [14, 2, 4]
-- :   0.00:  7.96:  2.80 ->  Done!
State: [30, 0, 3]
State: [20, 1, 4]
State: [10, 2, 8]
State: [5, 3, 8]
State: [0, 4, 6]
-- :   0.00:  0.00: 13.23: 10.88:  8.40 ->  Done!
State: [30, 0, 8]
State: [20, 1, 7]
State: [14, 2, 4]
State: [7, 3, 2]
State: [0, 4, 6]
State: [0, 5, 5]
State: [0, 6, 4]
State: [0, 7, 3]
-- :   0.00: 16.54:  0.00:  0.00: 23.05: 13.72:  7.84:  4.20 ->  Done!
State: [30, 0, 4]
State: [20, 1, 5]
State: [10, 2, 3]
State: [7, 3, 4]
State: [0, 4, 5]
-- :   0.00:  0.00:  3.00:  1.12:  7.00 ->  Done!
State: [30, 0, 5]
State: [20, 1, 6]
State: [10, 2, 4]
State: [3, 3, 5]
State: [0, 4, 8]
State: [0, 5, 8]
-- :   0.00:  0.00:  0.00:  8.49: 15.68: 11.20 ->  Done!
State: [30, 0, 2]
State: [23, 1, 3]
State: [13, 2, 2]
State: [3, 3, 5]
State: [0, 4, 2]
State: [0, 5, 5]
State: [0, 6, 6]
State: [0, 7, 3]
State: [0, 8, 6]
State: [0, 9, 6]
-- :   0.00:  0.00:  0.00: 24.08: 15.06: 26.89: 23.05:  8.23: 11.76:  8.40 ->  Done!
State: [30, 0, 2]
State: [23, 1, 5]
State: [13, 2, 3]
State: [11, 3, 4]
State: [4, 4, 3]
-- :   0.00:  0.00:  4.74:  1.12:  2.60 ->  Done!
State: [30, 0, 6]
State: [20, 1, 5]
State: [10, 2, 3]
-- :   0.00:  0.20:  3.00 ->  Done!
State: [30, 0, 5]
State: [20, 1, 7]
State: [14, 2, 4]
-- :   0.00:  7.96:  2.80 ->  Done!
State: [30, 0, 3]
State: [20, 1, 4]
State: [10, 2, 8]
-- :   0.00:  0.00:  9.20 ->  Done!
State: [30, 0, 8]
State: [20, 1, 6]
State: [10, 2, 8]
State: [5, 3, 7]
State: [0, 4, 4]
State: [0, 5, 2]
State: [0, 6, 6]
State: [0, 7, 5]
-- :   0.00:  0.00: 27.59: 15.76: 15.37:  5.49: 11.76:  7.00 ->  Done!
State: [30, 0, 4]
State: [20, 1, 3]
State: [10, 2, 4]
State: [3, 3, 5]
State: [0, 4, 3]
State: [0, 5, 4]
State: [0, 6, 5]
-- :   0.00:  0.00:  0.00: 10.68:  8.23:  7.84:  7.00 ->  Done!
State: [30, 0, 5]
State: [20, 1, 6]
State: [10, 2, 4]
State: [3, 3, 5]
-- :   0.00:  0.00:  1.12:  5.80 ->  Done!
State: [30, 0, 8]
State: [20, 1, 8]
State: [10, 2, 2]
State: [8, 3, 3]
State: [0, 4, 2]
State: [0, 5, 5]
-- :   0.00:  0.00:  2.00:  0.00:  3.92:  7.00 ->  Done!
State: [30, 0, 2]
State: [23, 1, 5]
State: [13, 2, 6]
State: [10, 3, 3]
State: [10, 4, 6]
State: [5, 5, 6]
-- :   0.00:  0.00: 14.52:  8.23:  6.96:  6.40 ->  Done!
State: [30, 0, 2]
State: [23, 1, 5]
State: [13, 2, 3]
State: [11, 3, 4]
State: [4, 4, 3]
-- :   0.00:  0.00:  4.74:  1.12:  2.60 ->  Done!
State: [30, 0, 6]
State: [20, 1, 5]
State: [10, 2, 3]
State: [7, 3, 5]
State: [0, 4, 7]
State: [0, 5, 4]
-- :   0.00:  0.00:  3.00:  1.51: 13.72:  5.60 ->  Done!
State: [30, 0, 3]
State: [20, 1, 4]
State: [10, 2, 8]
State: [5, 3, 8]
State: [0, 4, 6]
State: [0, 5, 8]
State: [0, 6, 7]
State: [0, 7, 4]
-- :   0.00:  0.00: 27.59: 21.13: 23.05: 21.95: 13.72:  5.60 ->  Done!
State: [30, 0, 2]
State: [23, 1, 6]
State: [13, 2, 5]
State: [8, 3, 4]
State: [0, 4, 3]
State: [0, 5, 4]
State: [0, 6, 5]
-- :   0.00:  0.00:  5.00:  0.00:  8.23:  7.84:  7.00 ->  Done!
State: [30, 0, 3]
State: [20, 1, 4]
State: [10, 2, 5]
-- :   0.00:  0.00:  3.00 ->  Done!
State: [30, 0, 5]
State: [20, 1, 6]
State: [10, 2, 4]
State: [3, 3, 5]
State: [0, 4, 8]
State: [0, 5, 8]
State: [0, 6, 2]
-- :   0.00:  0.00:  0.00: 10.68: 21.95: 15.68:  2.80 ->  Done!
State: [30, 0, 3]
State: [20, 1, 2]
State: [10, 2, 5]
State: [0, 3, 2]
-- :   0.00:  0.00:  0.20:  2.80 ->  Done!
State: [30, 0, 5]
State: [20, 1, 6]
State: [10, 2, 3]
State: [7, 3, 6]
State: [0, 4, 6]
State: [0, 5, 2]
-- :   0.00:  0.00:  3.00:  4.26: 11.76:  2.80 ->  Done!
State: [30, 0, 5]
State: [20, 1, 3]
State: [10, 2, 4]
State: [3, 3, 3]
State: [0, 4, 6]
-- :   0.00:  0.00:  0.00:  3.00:  8.40 ->  Done!
State: [30, 0, 5]
State: [20, 1, 3]
State: [10, 2, 5]
-- :   0.00:  0.00:  3.00 ->  Done!
State: [30, 0, 7]
State: [20, 1, 4]
State: [10, 2, 3]
State: [7, 3, 4]
State: [0, 4, 8]
State: [0, 5, 8]
State: [0, 6, 6]
State: [0, 7, 8]
State: [0, 8, 7]
State: [0, 9, 4]
-- :   0.00:  0.00:  3.00:  0.00: 60.24: 43.03: 23.05: 21.95: 13.72:  5.60 ->  Done!
State: [30, 0, 2]
State: [23, 1, 6]
State: [13, 2, 5]
State: [8, 3, 4]
State: [0, 4, 3]
State: [0, 5, 4]
-- :   0.00:  0.00:  5.00:  0.00:  5.88:  5.60 ->  Done!
State: [30, 0, 5]
State: [20, 1, 3]
State: [10, 2, 4]
State: [3, 3, 5]
-- :   0.00:  0.00:  1.12:  5.80 ->  Done!
State: [30, 0, 5]
State: [20, 1, 6]
State: [10, 2, 4]
State: [3, 3, 5]
State: [0, 4, 8]
State: [0, 5, 8]
State: [0, 6, 2]
State: [0, 7, 3]
State: [0, 8, 2]
-- :   0.00:  0.00:  0.00: 18.06: 43.03: 30.73:  5.49:  5.88:  2.80 ->  Done!
State: [30, 0, 5]
State: [20, 1, 2]
State: [10, 2, 5]
State: [0, 3, 6]
State: [0, 4, 3]
State: [0, 5, 6]
State: [0, 6, 6]
-- :   0.00:  0.00:  0.00: 23.05:  8.23: 11.76:  8.40 ->  Done!
State: [30, 0, 2]
State: [23, 1, 5]
State: [13, 2, 3]
State: [11, 3, 4]
State: [4, 4, 3]
State: [0, 5, 6]
State: [0, 6, 5]
-- :   0.00:  0.00:  7.38:  0.00:  1.26: 11.76:  7.00 ->  Done!
State: [30, 0, 3]
State: [20, 1, 5]
State: [10, 2, 7]
State: [8, 3, 4]
State: [0, 4, 3]
State: [0, 5, 4]
-- :   0.00:  0.00: 21.21:  0.00:  5.88:  5.60 ->  Done!
State: [30, 0, 8]
State: [20, 1, 8]
State: [10, 2, 6]
-- :   4.51:  6.08:  4.40 ->  Done!
State: [30, 0, 8]
State: [20, 1, 7]
State: [14, 2, 4]
-- :   4.51:  7.96:  2.80 ->  Done!
State: [30, 0, 2]
State: [23, 1, 6]
State: [13, 2, 5]
State: [8, 3, 4]
State: [0, 4, 3]
State: [0, 5, 4]
State: [0, 6, 5]
-- :   0.00:  0.00:  5.00:  0.00:  8.23:  7.84:  7.00 ->  Done!
State: [30, 0, 3]
State: [20, 1, 4]
State: [10, 2, 5]
-- :   0.00:  0.00:  3.00 ->  Done!
State: [30, 0, 5]
State: [20, 1, 6]
State: [10, 2, 4]
State: [3, 3, 5]
State: [0, 4, 8]
State: [0, 5, 8]
State: [0, 6, 2]
State: [0, 7, 3]
State: [0, 8, 2]
-- :   0.00:  0.00:  0.00: 18.06: 43.03: 30.73:  5.49:  5.88:  2.80 ->  Done!
State: [30, 0, 5]
State: [20, 1, 2]
State: [10, 2, 5]
-- :   0.00:  0.00:  3.00 ->  Done!
State: [30, 0, 6]
State: [20, 1, 3]
State: [10, 2, 6]
State: [0, 3, 6]
State: [0, 4, 2]
State: [0, 5, 5]
-- :   0.00:  0.00:  0.00: 16.46:  3.92:  7.00 ->  Done!
State: [30, 0, 3]
State: [20, 1, 4]
State: [10, 2, 3]
State: [7, 3, 6]
State: [0, 4, 5]
State: [0, 5, 3]
-- :   0.00:  0.00:  3.00:  4.26:  9.80:  4.20 ->  Done!
State: [30, 0, 5]
State: [20, 1, 7]
State: [14, 2, 4]
State: [7, 3, 3]
State: [0, 4, 4]
State: [0, 5, 8]
-- :   0.00: 11.38:  0.00:  0.00:  7.84: 11.20 ->  Done!
State: [30, 0, 8]
State: [20, 1, 6]
State: [10, 2, 8]
State: [5, 3, 7]
State: [0, 4, 4]
-- :   0.00:  0.00: 13.23:  8.92:  5.60 ->  Done!
State: [30, 0, 2]
State: [23, 1, 6]
State: [13, 2, 5]
State: [8, 3, 4]
State: [0, 4, 3]
State: [0, 5, 4]
-- :   0.00:  0.00:  5.00:  0.00:  5.88:  5.60 ->  Done!
State: [30, 0, 5]
State: [20, 1, 3]
State: [10, 2, 4]
State: [3, 3, 5]
-- :   0.00:  0.00:  1.12:  5.80 ->  Done!
State: [30, 0, 5]
State: [20, 1, 6]
State: [10, 2, 4]
State: [3, 3, 5]
-- :   0.00:  0.00:  1.12:  5.80 ->  Done!
State: [30, 0, 8]
State: [20, 1, 8]
State: [10, 2, 2]
State: [8, 3, 3]
State: [0, 4, 2]
State: [0, 5, 5]
State: [0, 6, 2]
State: [0, 7, 5]
-- :   0.00:  0.00:  2.00:  0.00:  7.68: 13.72:  3.92:  7.00 ->  Done!
State: [30, 0, 6]
State: [20, 1, 3]
State: [10, 2, 6]
State: [0, 3, 6]
-- :   0.00:  0.00:  2.16:  8.40 ->  Done!
State: [30, 0, 2]
State: [23, 1, 5]
State: [13, 2, 3]
State: [11, 3, 4]
State: [4, 4, 3]
State: [0, 5, 6]
State: [0, 6, 5]
-- :   0.00:  0.00:  7.38:  0.00:  1.26: 11.76:  7.00 ->  Done!
State: [30, 0, 3]
State: [20, 1, 5]
State: [10, 2, 7]
-- :   0.00:  0.20:  9.00 ->  Done!
State: [30, 0, 4]
State: [20, 1, 3]
State: [10, 2, 4]
State: [3, 3, 8]
State: [0, 4, 8]
-- :   0.00:  0.00:  0.00: 12.80: 11.20 ->  Done!
State: [30, 0, 6]
State: [20, 1, 8]
State: [10, 2, 7]
State: [8, 3, 4]
-- :   0.00:  4.51: 11.80:  2.40 ->  Done!
State: [30, 0, 2]
State: [23, 1, 6]
State: [13, 2, 5]
State: [8, 3, 4]
State: [0, 4, 3]
State: [0, 5, 4]
State: [0, 6, 5]
State: [0, 7, 3]
State: [0, 8, 4]
State: [0, 9, 5]
-- :   0.00:  0.00:  5.00:  0.00: 22.59: 21.51: 19.21:  8.23:  7.84:  7.00 ->  Done!
[18.119999999999997, 27.63999999999999, 27.383999999999993, 15.039999999999992, 14.199999999999996, 52.71679999999999, 7.1999999999999975, 45.27999999999998, 74.56127999999998, 65.19807999999998, 3.5999999999999988, 13.999999999999998, 10.759999999999996, 32.51199999999999, 65.35095039999996, 11.119999999999996, 35.367999999999995, 117.47457279999998, 8.463999999999997, 3.1999999999999984, 10.759999999999996, 9.2, 82.95948799999996, 33.7552, 6.919999999999998, 12.919999999999998, 36.116799999999984, 8.463999999999997, 23.831999999999994, 113.04492799999996, 28.071999999999996, 3.0, 51.115199999999994, 2.999999999999999, 21.81599999999999, 11.399999999999997, 3.0, 170.5838079999999, 16.479999999999997, 6.919999999999998, 105.98579199999996, 51.44159999999999, 27.394239999999993, 32.68799999999999, 14.991999999999994, 15.271999999999993, 28.071999999999996, 3.0, 105.98579199999996, 3.0, 27.383999999999993, 21.255999999999986, 30.418239999999983, 27.751999999999995, 16.479999999999997, 6.919999999999998, 6.919999999999998, 34.323199999999986, 10.559999999999995, 27.394239999999993, 9.199999999999998, 24.0, 18.71199999999999, 91.38156799999999]
  Trial  45/100  |  value=0.8159  |  best=0.8395  |  elapsed=156s
Episode 10000 Average Reward: -116.72180313000956
Episode 20000 Average Reward: -103.00374695475197
Episode 30000 Average Reward: -93.68311620675581
Episode 40000 Average Reward: -88.0296531922227
State: [30, 0, 5]
State: [20, 1, 6]
State: [10, 2, 4]
State: [1, 3, 5]
State: [0, 4, 8]
-- :   0.00:  0.00:  0.00:  8.84: 11.20 ->  Done!
State: [30, 0, 8]
State: [20, 1, 2]
State: [13, 2, 3]
State: [9, 3, 2]
State: [0, 4, 5]
State: [0, 5, 2]
State: [0, 6, 5]
-- :   0.00:  0.00:  0.00:  0.00: 13.72:  3.92:  7.00 ->  Done!
State: [30, 0, 6]
State: [20, 1, 3]
State: [10, 2, 6]
State: [1, 3, 6]
State: [0, 4, 2]
State: [0, 5, 5]
-- :   0.00:  0.00:  0.00: 14.72:  3.92:  7.00 ->  Done!
State: [30, 0, 3]
State: [20, 1, 4]
State: [10, 2, 3]
State: [2, 3, 6]
State: [0, 4, 5]
-- :   0.00:  0.00:  0.00:  9.84:  7.00 ->  Done!
State: [30, 0, 3]
State: [20, 1, 5]
State: [10, 2, 7]
State: [4, 3, 4]
-- :   0.00:  0.00:  7.96:  4.00 ->  Done!
State: [30, 0, 3]
State: [20, 1, 4]
State: [10, 2, 8]
State: [4, 3, 8]
State: [0, 4, 6]
State: [0, 5, 8]
-- :   0.00:  0.00: 13.68: 14.98: 11.76: 11.20 ->  Done!
State: [30, 0, 7]
State: [20, 1, 4]
State: [10, 2, 2]
State: [8, 3, 6]
-- :   0.00:  0.00:  2.00:  5.20 ->  Done!
State: [30, 0, 5]
State: [20, 1, 4]
State: [10, 2, 3]
State: [2, 3, 4]
State: [0, 4, 5]
State: [0, 5, 3]
State: [0, 6, 4]
State: [0, 7, 5]
-- :   0.00:  0.00:  0.00: 12.76: 19.21:  8.23:  7.84:  7.00 ->  Done!
State: [30, 0, 5]
State: [20, 1, 6]
State: [10, 2, 4]
State: [1, 3, 5]
State: [0, 4, 8]
State: [0, 5, 8]
State: [0, 6, 2]
State: [0, 7, 3]
-- :   0.00:  0.00:  0.00: 22.51: 30.73: 21.95:  3.92:  4.20 ->  Done!
State: [30, 0, 2]
State: [20, 1, 5]
State: [10, 2, 2]
State: [8, 3, 5]
State: [0, 4, 6]
State: [0, 5, 3]
State: [0, 6, 6]
State: [0, 7, 6]
-- :   0.00:  0.00:  2.00:  0.00: 23.05:  8.23: 11.76:  8.40 ->  Done!
State: [30, 0, 2]
State: [20, 1, 5]
State: [10, 2, 3]
-- :   0.00:  0.20:  1.00 ->  Done!
State: [30, 0, 4]
State: [20, 1, 3]
State: [10, 2, 6]
State: [1, 3, 5]
State: [0, 4, 3]
-- :   0.00:  0.00:  0.77:  8.84:  4.20 ->  Done!
State: [30, 0, 5]
State: [20, 1, 7]
State: [10, 2, 4]
-- :   0.00:  4.12:  2.00 ->  Done!
State: [30, 0, 3]
State: [20, 1, 4]
State: [10, 2, 8]
State: [4, 3, 8]
State: [0, 4, 6]
-- :   0.00:  0.00: 11.49: 11.84:  8.40 ->  Done!
State: [30, 0, 8]
State: [20, 1, 7]
State: [10, 2, 4]
State: [1, 3, 2]
State: [0, 4, 6]
State: [0, 5, 5]
State: [0, 6, 4]
State: [0, 7, 3]
-- :   0.00:  0.00:  0.00:  6.38: 23.05: 13.72:  7.84:  4.20 ->  Done!
State: [30, 0, 4]
State: [20, 1, 5]
State: [10, 2, 3]
State: [2, 3, 4]
State: [0, 4, 5]
-- :   0.00:  0.00:  0.00:  5.92:  7.00 ->  Done!
State: [30, 0, 5]
State: [20, 1, 6]
State: [10, 2, 4]
State: [1, 3, 5]
State: [0, 4, 8]
State: [0, 5, 8]
-- :   0.00:  0.00:  0.00: 11.98: 15.68: 11.20 ->  Done!
State: [30, 0, 2]
State: [20, 1, 3]
State: [10, 2, 2]
State: [8, 3, 5]
State: [0, 4, 2]
State: [0, 5, 5]
State: [0, 6, 6]
State: [0, 7, 3]
State: [0, 8, 6]
State: [0, 9, 6]
-- :   0.00:  0.00:  2.00:  0.00: 15.06: 26.89: 23.05:  8.23: 11.76:  8.40 ->  Done!
State: [30, 0, 2]
State: [20, 1, 5]
State: [10, 2, 3]
State: [2, 3, 4]
State: [0, 4, 3]
-- :   0.00:  0.00:  0.00:  5.92:  4.20 ->  Done!
State: [30, 0, 6]
State: [20, 1, 5]
State: [10, 2, 3]
-- :   0.00:  0.20:  1.00 ->  Done!
State: [30, 0, 5]
State: [20, 1, 7]
State: [10, 2, 4]
-- :   0.00:  4.12:  2.00 ->  Done!
State: [30, 0, 3]
State: [20, 1, 4]
State: [10, 2, 8]
-- :   0.00:  0.00:  8.80 ->  Done!
State: [30, 0, 8]
State: [20, 1, 6]
State: [10, 2, 8]
State: [4, 3, 7]
State: [0, 4, 4]
State: [0, 5, 2]
State: [0, 6, 6]
State: [0, 7, 5]
-- :   0.00:  0.00: 21.06: 20.13: 15.37:  5.49: 11.76:  7.00 ->  Done!
State: [30, 0, 4]
State: [20, 1, 3]
State: [10, 2, 4]
State: [1, 3, 5]
State: [0, 4, 3]
State: [0, 5, 4]
State: [0, 6, 5]
-- :   0.00:  0.00:  0.00: 16.37:  8.23:  7.84:  7.00 ->  Done!
State: [30, 0, 5]
State: [20, 1, 6]
State: [10, 2, 4]
State: [1, 3, 5]
-- :   0.00:  0.00:  0.00:  6.60 ->  Done!
State: [30, 0, 8]
State: [20, 1, 8]
State: [10, 2, 2]
State: [8, 3, 3]
State: [0, 4, 2]
State: [0, 5, 5]
-- :   0.00:  0.00:  2.00:  0.00:  3.92:  7.00 ->  Done!
State: [30, 0, 2]
State: [20, 1, 5]
State: [10, 2, 6]
State: [1, 3, 3]
State: [0, 4, 6]
State: [0, 5, 6]
-- :   0.00:  0.00:  0.00:  6.49: 11.76:  8.40 ->  Done!
State: [30, 0, 2]
State: [20, 1, 5]
State: [10, 2, 3]
State: [2, 3, 4]
State: [0, 4, 3]
-- :   0.00:  0.00:  0.00:  5.92:  4.20 ->  Done!
State: [30, 0, 6]
State: [20, 1, 5]
State: [10, 2, 3]
State: [2, 3, 5]
State: [0, 4, 7]
State: [0, 5, 4]
-- :   0.00:  0.00:  0.00: 10.23: 13.72:  5.60 ->  Done!
State: [30, 0, 3]
State: [20, 1, 4]
State: [10, 2, 8]
State: [4, 3, 8]
State: [0, 4, 6]
State: [0, 5, 8]
State: [0, 6, 7]
State: [0, 7, 4]
-- :   0.00:  0.00: 21.06: 25.51: 23.05: 21.95: 13.72:  5.60 ->  Done!
State: [30, 0, 2]
State: [20, 1, 6]
State: [10, 2, 5]
State: [0, 3, 4]
State: [0, 4, 3]
State: [0, 5, 4]
State: [0, 6, 5]
-- :   0.00:  0.00:  0.00: 15.37:  8.23:  7.84:  7.00 ->  Done!
State: [30, 0, 3]
State: [20, 1, 4]
State: [10, 2, 5]
-- :   0.00:  0.00:  3.00 ->  Done!
State: [30, 0, 5]
State: [20, 1, 6]
State: [10, 2, 4]
State: [1, 3, 5]
State: [0, 4, 8]
State: [0, 5, 8]
State: [0, 6, 2]
-- :   0.00:  0.00:  0.00: 16.37: 21.95: 15.68:  2.80 ->  Done!
State: [30, 0, 3]
State: [20, 1, 2]
State: [13, 2, 5]
State: [7, 3, 2]
-- :   0.00:  0.00:  4.04:  0.00 ->  Done!
State: [30, 0, 5]
State: [20, 1, 6]
State: [10, 2, 3]
State: [2, 3, 6]
State: [0, 4, 6]
State: [0, 5, 2]
-- :   0.00:  0.00:  0.00: 12.98: 11.76:  2.80 ->  Done!
State: [30, 0, 5]
State: [20, 1, 3]
State: [10, 2, 4]
State: [1, 3, 3]
State: [0, 4, 6]
-- :   0.00:  0.00:  0.00:  4.92:  8.40 ->  Done!
State: [30, 0, 5]
State: [20, 1, 3]
State: [10, 2, 5]
-- :   0.00:  0.00:  3.00 ->  Done!
State: [30, 0, 7]
State: [20, 1, 4]
State: [10, 2, 3]
State: [2, 3, 4]
State: [0, 4, 8]
State: [0, 5, 8]
State: [0, 6, 6]
State: [0, 7, 8]
State: [0, 8, 7]
State: [0, 9, 4]
-- :   0.00:  0.00:  0.00: 23.08: 60.24: 43.03: 23.05: 21.95: 13.72:  5.60 ->  Done!
State: [30, 0, 2]
State: [20, 1, 6]
State: [10, 2, 5]
State: [0, 3, 4]
State: [0, 4, 3]
State: [0, 5, 4]
-- :   0.00:  0.00:  0.00: 10.98:  5.88:  5.60 ->  Done!
State: [30, 0, 5]
State: [20, 1, 3]
State: [10, 2, 4]
State: [1, 3, 5]
-- :   0.00:  0.00:  0.00:  6.60 ->  Done!
State: [30, 0, 5]
State: [20, 1, 6]
State: [10, 2, 4]
State: [1, 3, 5]
State: [0, 4, 8]
State: [0, 5, 8]
State: [0, 6, 2]
State: [0, 7, 3]
State: [0, 8, 2]
-- :   0.00:  0.00:  0.00: 31.12: 43.03: 30.73:  5.49:  5.88:  2.80 ->  Done!
State: [30, 0, 5]
State: [20, 1, 2]
State: [13, 2, 5]
State: [7, 3, 6]
State: [0, 4, 3]
State: [0, 5, 6]
State: [0, 6, 6]
-- :   0.00:  0.00:  0.62:  3.16:  8.23: 11.76:  8.40 ->  Done!
State: [30, 0, 2]
State: [20, 1, 5]
State: [10, 2, 3]
State: [2, 3, 4]
State: [0, 4, 3]
State: [0, 5, 6]
State: [0, 6, 5]
-- :   0.00:  0.00:  0.00:  9.68:  8.23: 11.76:  7.00 ->  Done!
State: [30, 0, 3]
State: [20, 1, 5]
[W 2026-02-13 11:15:20,646] Trial 46 failed with parameters: {'learning_rate': 0.3198314641087722, 'discount_factor': 0.9215231437243321} because of the following error: FloatingPointError('underflow encountered in exp').
Traceback (most recent call last):
  File "/home/mecatronica/Documentos/maximiliano/mPES/linux_mpes_env/lib/python3.12/site-packages/optuna/study/_optimize.py", line 206, in _run_trial
    value_or_values = func(trial)
                      ^^^^^^^^^^^
  File "/home/mecatronica/Documentos/maximiliano/mPES/PES_Bayesian/ext/optimize_rl.py", line 92, in objective
    epsilon_initial  = trial.suggest_float('epsilon_initial',  0.3,   1.0)
                       ^^^^^^^^^^^^^^^^^^^^^^^^^^^^^^^^^^^^^^^^^^^^^^^^^^^
  File "/home/mecatronica/Documentos/maximiliano/mPES/linux_mpes_env/lib/python3.12/site-packages/optuna/trial/_trial.py", line 163, in suggest_float
    suggested_value = self._suggest(name, distribution)
                      ^^^^^^^^^^^^^^^^^^^^^^^^^^^^^^^^^
  File "/home/mecatronica/Documentos/maximiliano/mPES/linux_mpes_env/lib/python3.12/site-packages/optuna/trial/_trial.py", line 637, in _suggest
    param_value = self.study.sampler.sample_independent(
                  ^^^^^^^^^^^^^^^^^^^^^^^^^^^^^^^^^^^^^^
  File "/home/mecatronica/Documentos/maximiliano/mPES/linux_mpes_env/lib/python3.12/site-packages/optuna/samplers/_tpe/sampler.py", line 487, in sample_independent
    return self._sample(study, trial, search_space, use_trial_cache=not self._constant_liar)[
           ^^^^^^^^^^^^^^^^^^^^^^^^^^^^^^^^^^^^^^^^^^^^^^^^^^^^^^^^^^^^^^^^^^^^^^^^^^^^^^^^^
  File "/home/mecatronica/Documentos/maximiliano/mPES/linux_mpes_env/lib/python3.12/site-packages/optuna/samplers/_tpe/sampler.py", line 555, in _sample
    acq_func_vals = self._compute_acquisition_func(samples_below, mpe_below, mpe_above)
                    ^^^^^^^^^^^^^^^^^^^^^^^^^^^^^^^^^^^^^^^^^^^^^^^^^^^^^^^^^^^^^^^^^^^
  File "/home/mecatronica/Documentos/maximiliano/mPES/linux_mpes_env/lib/python3.12/site-packages/optuna/samplers/_tpe/sampler.py", line 599, in _compute_acquisition_func
    log_likelihoods_above = mpe_above.log_pdf(samples)
                            ^^^^^^^^^^^^^^^^^^^^^^^^^^
  File "/home/mecatronica/Documentos/maximiliano/mPES/linux_mpes_env/lib/python3.12/site-packages/optuna/samplers/_tpe/parzen_estimator.py", line 86, in log_pdf
    return self._mixture_distribution.log_pdf(transformed_samples)
           ^^^^^^^^^^^^^^^^^^^^^^^^^^^^^^^^^^^^^^^^^^^^^^^^^^^^^^^
  File "/home/mecatronica/Documentos/maximiliano/mPES/linux_mpes_env/lib/python3.12/site-packages/optuna/samplers/_tpe/probability_distributions.py", line 223, in log_pdf
    return np.log(np.exp(weighted_log_pdf - max_[:, None]).sum(axis=1)) + max_
                  ^^^^^^^^^^^^^^^^^^^^^^^^^^^^^^^^^^^^^^^^
FloatingPointError: underflow encountered in exp
[W 2026-02-13 11:15:20,648] Trial 46 failed with value None.
Traceback (most recent call last):
  File "<frozen runpy>", line 198, in _run_module_as_main
  File "<frozen runpy>", line 88, in _run_code
  File "/home/mecatronica/Documentos/maximiliano/mPES/PES_Bayesian/ext/optimize_rl.py", line 372, in <module>
    main()
  File "/home/mecatronica/Documentos/maximiliano/mPES/PES_Bayesian/ext/optimize_rl.py", line 318, in main
    study.optimize(objective, n_trials=remaining, callbacks=[_progress_callback])
  File "/home/mecatronica/Documentos/maximiliano/mPES/linux_mpes_env/lib/python3.12/site-packages/optuna/study/study.py", line 490, in optimize
    _optimize(
  File "/home/mecatronica/Documentos/maximiliano/mPES/linux_mpes_env/lib/python3.12/site-packages/optuna/study/_optimize.py", line 68, in _optimize
    _optimize_sequential(
  File "/home/mecatronica/Documentos/maximiliano/mPES/linux_mpes_env/lib/python3.12/site-packages/optuna/study/_optimize.py", line 165, in _optimize_sequential
    frozen_trial_id = _run_trial(study, func, catch)
                      ^^^^^^^^^^^^^^^^^^^^^^^^^^^^^^
  File "/home/mecatronica/Documentos/maximiliano/mPES/linux_mpes_env/lib/python3.12/site-packages/optuna/study/_optimize.py", line 263, in _run_trial
    raise func_err
  File "/home/mecatronica/Documentos/maximiliano/mPES/linux_mpes_env/lib/python3.12/site-packages/optuna/study/_optimize.py", line 206, in _run_trial
    value_or_values = func(trial)
                      ^^^^^^^^^^^
  File "/home/mecatronica/Documentos/maximiliano/mPES/PES_Bayesian/ext/optimize_rl.py", line 92, in objective
    epsilon_initial  = trial.suggest_float('epsilon_initial',  0.3,   1.0)
                       ^^^^^^^^^^^^^^^^^^^^^^^^^^^^^^^^^^^^^^^^^^^^^^^^^^^
  File "/home/mecatronica/Documentos/maximiliano/mPES/linux_mpes_env/lib/python3.12/site-packages/optuna/trial/_trial.py", line 163, in suggest_float
    suggested_value = self._suggest(name, distribution)
                      ^^^^^^^^^^^^^^^^^^^^^^^^^^^^^^^^^
  File "/home/mecatronica/Documentos/maximiliano/mPES/linux_mpes_env/lib/python3.12/site-packages/optuna/trial/_trial.py", line 637, in _suggest
    param_value = self.study.sampler.sample_independent(
                  ^^^^^^^^^^^^^^^^^^^^^^^^^^^^^^^^^^^^^^
  File "/home/mecatronica/Documentos/maximiliano/mPES/linux_mpes_env/lib/python3.12/site-packages/optuna/samplers/_tpe/sampler.py", line 487, in sample_independent
    return self._sample(study, trial, search_space, use_trial_cache=not self._constant_liar)[
           ^^^^^^^^^^^^^^^^^^^^^^^^^^^^^^^^^^^^^^^^^^^^^^^^^^^^^^^^^^^^^^^^^^^^^^^^^^^^^^^^^
  File "/home/mecatronica/Documentos/maximiliano/mPES/linux_mpes_env/lib/python3.12/site-packages/optuna/samplers/_tpe/sampler.py", line 555, in _sample
    acq_func_vals = self._compute_acquisition_func(samples_below, mpe_below, mpe_above)
                    ^^^^^^^^^^^^^^^^^^^^^^^^^^^^^^^^^^^^^^^^^^^^^^^^^^^^^^^^^^^^^^^^^^^
  File "/home/mecatronica/Documentos/maximiliano/mPES/linux_mpes_env/lib/python3.12/site-packages/optuna/samplers/_tpe/sampler.py", line 599, in _compute_acquisition_func
    log_likelihoods_above = mpe_above.log_pdf(samples)
                            ^^^^^^^^^^^^^^^^^^^^^^^^^^
  File "/home/mecatronica/Documentos/maximiliano/mPES/linux_mpes_env/lib/python3.12/site-packages/optuna/samplers/_tpe/parzen_estimator.py", line 86, in log_pdf
    return self._mixture_distribution.log_pdf(transformed_samples)
           ^^^^^^^^^^^^^^^^^^^^^^^^^^^^^^^^^^^^^^^^^^^^^^^^^^^^^^^
  File "/home/mecatronica/Documentos/maximiliano/mPES/linux_mpes_env/lib/python3.12/site-packages/optuna/samplers/_tpe/probability_distributions.py", line 223, in log_pdf
    return np.log(np.exp(weighted_log_pdf - max_[:, None]).sum(axis=1)) + max_
                  ^^^^^^^^^^^^^^^^^^^^^^^^^^^^^^^^^^^^^^^^
FloatingPointError: underflow encountered in exp
State: [10, 2, 7]
State: [4, 3, 4]
State: [0, 4, 3]
State: [0, 5, 4]
-- :   0.00:  0.00:  9.84:  4.00:  5.88:  5.60 ->  Done!
State: [30, 0, 8]
State: [20, 1, 8]
State: [10, 2, 6]
-- :   4.51:  6.08:  4.80 ->  Done!
State: [30, 0, 8]
State: [20, 1, 7]
State: [10, 2, 4]
-- :   4.51:  4.12:  2.00 ->  Done!
State: [30, 0, 2]
State: [20, 1, 6]
State: [10, 2, 5]
State: [0, 3, 4]
State: [0, 4, 3]
State: [0, 5, 4]
State: [0, 6, 5]
-- :   0.00:  0.00:  0.00: 15.37:  8.23:  7.84:  7.00 ->  Done!
State: [30, 0, 3]
State: [20, 1, 4]
State: [10, 2, 5]
-- :   0.00:  0.00:  3.00 ->  Done!
State: [30, 0, 5]
State: [20, 1, 6]
State: [10, 2, 4]
State: [1, 3, 5]
State: [0, 4, 8]
State: [0, 5, 8]
State: [0, 6, 2]
State: [0, 7, 3]
State: [0, 8, 2]
-- :   0.00:  0.00:  0.00: 31.12: 43.03: 30.73:  5.49:  5.88:  2.80 ->  Done!
State: [30, 0, 5]
State: [20, 1, 2]
State: [13, 2, 5]
-- :   0.00:  0.00:  4.60 ->  Done!
State: [30, 0, 6]
State: [20, 1, 3]
State: [10, 2, 6]
State: [1, 3, 6]
State: [0, 4, 2]
State: [0, 5, 5]
-- :   0.00:  0.00:  0.00: 14.72:  3.92:  7.00 ->  Done!
State: [30, 0, 3]
State: [20, 1, 4]
State: [10, 2, 3]
State: [2, 3, 6]
State: [0, 4, 5]
State: [0, 5, 3]
-- :   0.00:  0.00:  0.00: 12.98:  9.80:  4.20 ->  Done!
State: [30, 0, 5]
State: [20, 1, 7]
State: [10, 2, 4]
State: [1, 3, 3]
State: [0, 4, 4]
State: [0, 5, 8]
-- :   0.00:  0.00:  0.00:  6.49:  7.84: 11.20 ->  Done!
State: [30, 0, 8]
State: [20, 1, 6]
State: [10, 2, 8]
State: [4, 3, 7]
State: [0, 4, 4]
-- :   0.00:  0.00: 11.49:  9.88:  5.60 ->  Done!
State: [30, 0, 2]
State: [20, 1, 6]
State: [10, 2, 5]
State: [0, 3, 4]
State: [0, 4, 3]
State: [0, 5, 4]
-- :   0.00:  0.00:  0.00: 10.98:  5.88:  5.60 ->  Done!
State: [30, 0, 5]
State: [20, 1, 3]
State: [10, 2, 4]
State: [1, 3, 5]
-- :   0.00:  0.00:  0.00:  6.60 ->  Done!
State: [30, 0, 5]
State: [20, 1, 6]
State: [10, 2, 4]
State: [1, 3, 5]
-- :   0.00:  0.00:  0.00:  6.60 ->  Done!
State: [30, 0, 8]
State: [20, 1, 8]
State: [10, 2, 2]
State: [8, 3, 3]
State: [0, 4, 2]
State: [0, 5, 5]
State: [0, 6, 2]
State: [0, 7, 5]
-- :   0.00:  0.00:  2.00:  0.00:  7.68: 13.72:  3.92:  7.00 ->  Done!
State: [30, 0, 6]
State: [20, 1, 3]
State: [10, 2, 6]
State: [1, 3, 6]
-- :   0.00:  0.00:  3.12:  8.00 ->  Done!
State: [30, 0, 2]
State: [20, 1, 5]
State: [10, 2, 3]
State: [2, 3, 4]
State: [0, 4, 3]
State: [0, 5, 6]
State: [0, 6, 5]
-- :   0.00:  0.00:  0.00:  9.68:  8.23: 11.76:  7.00 ->  Done!
State: [30, 0, 3]
State: [20, 1, 5]
State: [10, 2, 7]
-- :   0.00:  0.20:  7.40 ->  Done!
State: [30, 0, 4]
State: [20, 1, 3]
State: [10, 2, 4]
State: [1, 3, 8]
State: [0, 4, 8]
-- :   0.00:  0.00:  0.00: 14.72: 11.20 ->  Done!
State: [30, 0, 6]
State: [20, 1, 8]
State: [10, 2, 7]
State: [4, 3, 4]
-- :   0.00:  4.51:  7.96:  4.00 ->  Done!
State: [30, 0, 2]
State: [20, 1, 6]
State: [10, 2, 5]
State: [0, 3, 4]
State: [0, 4, 3]
State: [0, 5, 4]
State: [0, 6, 5]
State: [0, 7, 3]
State: [0, 8, 4]
State: [0, 9, 5]
-- :   0.00:  0.00:  0.00: 42.17: 22.59: 21.51: 19.21:  8.23:  7.84:  7.00 ->  Done!
[20.04, 24.639999999999997, 25.639999999999993, 16.839999999999996, 11.959999999999997, 51.61919999999999, 7.1999999999999975, 55.03647999999998, 83.31775999999996, 53.44159999999998, 1.1999999999999984, 13.807999999999995, 6.119999999999997, 31.727999999999994, 55.18783999999999, 12.92, 38.855999999999995, 95.39187199999998, 10.12, 1.1999999999999984, 6.119999999999997, 8.799999999999999, 80.80819199999996, 39.43839999999999, 6.6, 12.919999999999998, 26.647999999999993, 10.12, 29.552, 110.89363199999995, 38.43839999999999, 3.0, 56.79839999999999, 4.039999999999999, 27.53599999999999, 13.319999999999997, 3.0, 190.66650879999992, 22.455999999999996, 6.6, 119.04486399999996, 32.17215999999998, 36.6752, 25.32159999999999, 15.391999999999994, 10.631999999999994, 38.43839999999999, 3.0, 119.04486399999996, 4.6, 25.639999999999993, 26.975999999999992, 25.527999999999995, 26.967999999999996, 22.455999999999996, 6.6, 6.6, 34.323199999999986, 11.119999999999996, 36.6752, 7.599999999999998, 25.919999999999995, 16.471999999999994, 128.54696959999995]
  Trial  46/100  |  value=0.8184  |  best=0.8395  |  elapsed=234s
