
====================================================================================================
  EXPERIMENT CONFIGURATION PARAMETERS
====================================================================================================

Variable Name                                 Variable Value                 Suggested Value     
----------------------------------------------------------------------------------------------------
AVAILABLE_RESOURCES_PER_SEQUENCE              39                             49                  
INIT_NO_OF_CITIES                             2                             
NUM_BLOCKS                                    8                              8                   
NUM_MAX_TRIALS                                10                             10                  
NUM_MIN_TRIALS                                3                              3                   
NUM_SEQUENCES                                 8                              8                   
PANDEMIC_PARAMETER                            0.4                            0.6                 
PLAYER_TYPE                                   RL_AGENT                      
RESPONSE_MULTIPLIER                           0.4                            0.6                 
SEVERITY_MULTIPLIER                           1.4                            1.6                 
TOTAL_NUM_TRIALS_IN_BLOCK                     45                             45                  
USE_FIXED_BLOCK_SEQUENCES                     True                          
INITIAL_SEVERITY_FILE                         initial_severity.csv          
SEQ_LENGTHS_FILE                              sequence_lengths.csv          
AGGREGATION_METHOD                            confidence_weighted_mean      
====================================================================================================


================================================================================
  BAYESIAN OPTIMISATION — Q-LEARNING HYPERPARAMETERS
================================================================================

ℹ Output directory: /home/mecatronica/Documentos/maximiliano/mPES/PES_Bayesian/inputs/2026-02-18_BAYESIAN_OPT
ℹ Target number of trials: 200


--------------------------------------------------------------------------------
  Loading Evaluation Data
--------------------------------------------------------------------------------

→ Sequence lengths shape: (64,)
→ Sequences loaded: 64


--------------------------------------------------------------------------------
  Running Bayesian Optimisation
--------------------------------------------------------------------------------

ℹ Search space:
→ learning_rate    ∈ [0.2, 0.4]    (log scale)
→ discount_factor  ∈ [0.80, 0.99]
→ epsilon_initial  ∈ [0.4, 1.0]
→ epsilon_min      ∈ [0.05, 0.1]
→ num_episodes     ∈ [700000, 1000000]  (step=100000)

ℹ Starting fresh: 200 trials to run
Episode 10000 Average Reward: -135.09615706327037
Episode 20000 Average Reward: -137.48186717422587
Episode 30000 Average Reward: -130.09269453086716
Episode 40000 Average Reward: -129.02359784076285
Episode 50000 Average Reward: -127.81773013170171
Episode 60000 Average Reward: -128.6709217124966
Episode 70000 Average Reward: -128.57501937131514
Episode 80000 Average Reward: -131.52613758834684
Episode 90000 Average Reward: -127.57972297321467
Episode 100000 Average Reward: -127.11594778698748
Episode 110000 Average Reward: -124.32601698116605
Episode 120000 Average Reward: -126.45113891535867
Episode 130000 Average Reward: -123.79144493545466
Episode 140000 Average Reward: -125.15958918933498
Episode 150000 Average Reward: -122.6208302285926
Episode 160000 Average Reward: -121.45655868436475
Episode 170000 Average Reward: -120.71743094405115
Episode 180000 Average Reward: -120.28560748593148
Episode 190000 Average Reward: -120.68820857772029
Episode 200000 Average Reward: -117.89125370550268
Episode 210000 Average Reward: -116.18397438460924
Episode 220000 Average Reward: -116.42145520659453
Episode 230000 Average Reward: -116.41030700015612
Episode 240000 Average Reward: -118.71172151899131
Episode 250000 Average Reward: -113.2536677554073
Episode 260000 Average Reward: -114.82092206587899
Episode 270000 Average Reward: -113.68121175932924
Episode 280000 Average Reward: -113.62395655497724
Episode 290000 Average Reward: -110.16883480379386
Episode 300000 Average Reward: -112.23205319965692
Episode 310000 Average Reward: -108.72844755877885
Episode 320000 Average Reward: -110.769469185751
Episode 330000 Average Reward: -108.767859119831
Episode 340000 Average Reward: -107.88663910251516
Episode 350000 Average Reward: -109.30029190576126
Episode 360000 Average Reward: -105.49880908708862
Episode 370000 Average Reward: -106.23135905213435
Episode 380000 Average Reward: -104.674673888983
Episode 390000 Average Reward: -105.38561573227516
Episode 400000 Average Reward: -103.51386634967037
Episode 410000 Average Reward: -102.1734728682803
Episode 420000 Average Reward: -104.77917279390716
Episode 430000 Average Reward: -102.50843591595005
Episode 440000 Average Reward: -100.75606513165307
Episode 450000 Average Reward: -99.85588563749886
Episode 460000 Average Reward: -101.08308148989947
Episode 470000 Average Reward: -99.95753047346173
Episode 480000 Average Reward: -100.41126242336763
Episode 490000 Average Reward: -99.80992257342461
Episode 500000 Average Reward: -98.63136416741372
Episode 510000 Average Reward: -96.91543694032892
Episode 520000 Average Reward: -96.30396300594172
Episode 530000 Average Reward: -97.16051093819388
Episode 540000 Average Reward: -95.35685544903677
Episode 550000 Average Reward: -94.27274900962301
Episode 560000 Average Reward: -95.8074621832499
Episode 570000 Average Reward: -94.73467721982972
Episode 580000 Average Reward: -92.76653936356348
Episode 590000 Average Reward: -92.55802300334076
Episode 600000 Average Reward: -91.70137576944637
Episode 610000 Average Reward: -91.78831346152444
Episode 620000 Average Reward: -90.46464150742013
Episode 630000 Average Reward: -88.04459140428797
Episode 640000 Average Reward: -88.41759345159166
Episode 650000 Average Reward: -87.90922487805949
Episode 660000 Average Reward: -89.30219451966461
Episode 670000 Average Reward: -86.60069626714109
Episode 680000 Average Reward: -87.21806451245052
Episode 690000 Average Reward: -86.61961250873341
Episode 700000 Average Reward: -85.57767548423165
State: [30, 0, 5]
State: [20, 1, 6]
State: [10, 2, 4]
State: [3, 3, 5]
State: [0, 4, 8]
-- :   0.00:  0.00:  0.00:  6.92: 11.20 ->  Done!
State: [30, 0, 8]
State: [21, 1, 2]
State: [13, 2, 3]
State: [3, 3, 2]
State: [0, 4, 5]
State: [0, 5, 2]
State: [0, 6, 5]
-- :   0.00:  0.00:  0.00:  0.00: 13.72:  3.92:  7.00 ->  Done!
State: [30, 0, 6]
State: [20, 1, 3]
State: [12, 2, 6]
State: [2, 3, 6]
State: [0, 4, 2]
State: [0, 5, 5]
-- :   0.00:  0.00:  0.00: 12.98:  3.92:  7.00 ->  Done!
State: [30, 0, 3]
State: [21, 1, 4]
State: [11, 2, 3]
State: [5, 3, 6]
State: [0, 4, 5]
-- :   0.00:  0.00:  0.00:  6.96:  7.00 ->  Done!
State: [30, 0, 3]
State: [21, 1, 5]
State: [11, 2, 7]
State: [5, 3, 4]
-- :   0.00:  0.00:  7.96:  3.60 ->  Done!
State: [30, 0, 3]
State: [21, 1, 4]
State: [11, 2, 8]
State: [1, 3, 8]
State: [0, 4, 6]
State: [0, 5, 8]
-- :   0.00:  0.00:  2.32: 20.21: 11.76: 11.20 ->  Done!
State: [30, 0, 7]
State: [21, 1, 4]
State: [11, 2, 2]
State: [2, 3, 6]
-- :   1.32:  0.00:  0.00:  7.60 ->  Done!
State: [30, 0, 5]
State: [20, 1, 4]
State: [12, 2, 3]
State: [2, 3, 4]
State: [0, 4, 5]
State: [0, 5, 3]
State: [0, 6, 4]
State: [0, 7, 5]
-- :   0.00:  0.00:  0.00: 12.76: 19.21:  8.23:  7.84:  7.00 ->  Done!
State: [30, 0, 5]
State: [20, 1, 6]
State: [10, 2, 4]
State: [3, 3, 5]
State: [0, 4, 8]
State: [0, 5, 8]
State: [0, 6, 2]
State: [0, 7, 3]
-- :   0.00:  0.00:  0.00: 13.76: 30.73: 21.95:  3.92:  4.20 ->  Done!
State: [30, 0, 2]
State: [21, 1, 5]
State: [11, 2, 2]
State: [2, 3, 5]
State: [0, 4, 6]
State: [0, 5, 3]
State: [0, 6, 6]
State: [0, 7, 6]
-- :   0.00:  0.00:  0.00: 18.13: 23.05:  8.23: 11.76:  8.40 ->  Done!
State: [30, 0, 2]
State: [21, 1, 5]
State: [11, 2, 3]
-- :   0.00:  0.20:  1.80 ->  Done!
State: [30, 0, 4]
State: [21, 1, 3]
State: [11, 2, 6]
State: [3, 3, 5]
State: [0, 4, 3]
-- :   0.00:  0.00:  2.51:  6.92:  4.20 ->  Done!
State: [30, 0, 5]
State: [20, 1, 7]
State: [11, 2, 4]
-- :   0.00:  5.08:  1.60 ->  Done!
State: [30, 0, 3]
State: [21, 1, 4]
State: [11, 2, 8]
State: [1, 3, 8]
State: [0, 4, 6]
-- :   0.00:  0.00:  4.51: 14.72:  8.40 ->  Done!
State: [30, 0, 8]
State: [21, 1, 7]
State: [11, 2, 4]
State: [1, 3, 2]
State: [0, 4, 6]
State: [0, 5, 5]
State: [0, 6, 4]
State: [0, 7, 3]
-- :   0.00:  0.00:  0.00:  6.38: 23.05: 13.72:  7.84:  4.20 ->  Done!
State: [30, 0, 4]
State: [21, 1, 5]
State: [11, 2, 3]
State: [5, 3, 4]
State: [0, 4, 5]
-- :   0.00:  0.00:  0.00:  3.04:  7.00 ->  Done!
State: [30, 0, 5]
State: [20, 1, 6]
State: [10, 2, 4]
State: [3, 3, 5]
State: [0, 4, 8]
State: [0, 5, 8]
-- :   0.00:  0.00:  0.00:  8.49: 15.68: 11.20 ->  Done!
State: [30, 0, 2]
State: [21, 1, 3]
State: [11, 2, 2]
State: [2, 3, 5]
State: [0, 4, 2]
State: [0, 5, 5]
State: [0, 6, 6]
State: [0, 7, 3]
State: [0, 8, 6]
State: [0, 9, 6]
-- :   0.00:  0.00:  0.00: 33.62: 15.06: 26.89: 23.05:  8.23: 11.76:  8.40 ->  Done!
State: [30, 0, 2]
State: [21, 1, 5]
State: [11, 2, 3]
State: [5, 3, 4]
State: [0, 4, 3]
-- :   0.00:  0.00:  0.00:  3.04:  4.20 ->  Done!
State: [30, 0, 6]
State: [20, 1, 5]
State: [11, 2, 3]
-- :   0.00:  1.16:  1.80 ->  Done!
State: [30, 0, 5]
State: [20, 1, 7]
State: [11, 2, 4]
-- :   0.00:  5.08:  1.60 ->  Done!
State: [30, 0, 3]
State: [21, 1, 4]
State: [11, 2, 8]
-- :   0.00:  0.00:  7.20 ->  Done!
State: [30, 0, 8]
State: [21, 1, 6]
State: [11, 2, 8]
State: [1, 3, 7]
State: [0, 4, 4]
State: [0, 5, 2]
State: [0, 6, 6]
State: [0, 7, 5]
-- :   0.00:  0.00:  0.00: 33.27: 15.37:  5.49: 11.76:  7.00 ->  Done!
State: [30, 0, 4]
State: [21, 1, 3]
State: [11, 2, 4]
State: [1, 3, 5]
State: [0, 4, 3]
State: [0, 5, 4]
State: [0, 6, 5]
-- :   0.00:  0.00:  0.00: 16.37:  8.23:  7.84:  7.00 ->  Done!
State: [30, 0, 5]
State: [20, 1, 6]
State: [10, 2, 4]
State: [3, 3, 5]
-- :   0.00:  0.00:  1.12:  5.80 ->  Done!
State: [30, 0, 8]
State: [21, 1, 8]
State: [11, 2, 2]
State: [2, 3, 3]
State: [0, 4, 2]
State: [0, 5, 5]
-- :   1.47:  0.00:  0.00:  4.74:  3.92:  7.00 ->  Done!
State: [30, 0, 2]
State: [21, 1, 5]
State: [11, 2, 6]
State: [3, 3, 3]
State: [0, 4, 6]
State: [0, 5, 6]
-- :   0.00:  0.00:  0.32:  3.00: 11.76:  8.40 ->  Done!
State: [30, 0, 2]
State: [21, 1, 5]
State: [11, 2, 3]
State: [5, 3, 4]
State: [0, 4, 3]
-- :   0.00:  0.00:  0.00:  3.04:  4.20 ->  Done!
State: [30, 0, 6]
State: [20, 1, 5]
State: [11, 2, 3]
State: [5, 3, 5]
State: [0, 4, 7]
State: [0, 5, 4]
-- :   0.00:  0.00:  0.00:  5.00: 13.72:  5.60 ->  Done!
State: [30, 0, 3]
State: [21, 1, 4]
State: [11, 2, 8]
State: [1, 3, 8]
State: [0, 4, 6]
State: [0, 5, 8]
State: [0, 6, 7]
State: [0, 7, 4]
-- :   0.00:  0.00:  0.00: 38.65: 23.05: 21.95: 13.72:  5.60 ->  Done!
State: [30, 0, 2]
State: [21, 1, 6]
State: [11, 2, 5]
State: [3, 3, 4]
State: [0, 4, 3]
State: [0, 5, 4]
State: [0, 6, 5]
-- :   0.00:  0.00:  0.00:  6.84:  8.23:  7.84:  7.00 ->  Done!
State: [30, 0, 3]
State: [21, 1, 4]
State: [11, 2, 5]
-- :   0.00:  0.00:  3.80 ->  Done!
State: [30, 0, 5]
State: [20, 1, 6]
State: [10, 2, 4]
State: [3, 3, 5]
State: [0, 4, 8]
State: [0, 5, 8]
State: [0, 6, 2]
-- :   0.00:  0.00:  0.00: 10.68: 21.95: 15.68:  2.80 ->  Done!
State: [30, 0, 3]
State: [21, 1, 2]
State: [13, 2, 5]
State: [6, 3, 2]
-- :   0.00:  0.00:  3.08:  0.40 ->  Done!
State: [30, 0, 5]
State: [20, 1, 6]
State: [10, 2, 3]
State: [3, 3, 6]
State: [0, 4, 6]
State: [0, 5, 2]
-- :   0.00:  0.00:  0.00: 11.23: 11.76:  2.80 ->  Done!
State: [30, 0, 5]
State: [20, 1, 3]
State: [12, 2, 4]
State: [2, 3, 3]
State: [0, 4, 6]
-- :   0.00:  0.00:  0.00:  3.96:  8.40 ->  Done!
State: [30, 0, 5]
State: [20, 1, 3]
State: [12, 2, 5]
-- :   0.00:  0.00:  4.60 ->  Done!
State: [30, 0, 7]
State: [21, 1, 4]
State: [11, 2, 3]
State: [5, 3, 4]
State: [0, 4, 8]
State: [0, 5, 8]
State: [0, 6, 6]
State: [0, 7, 8]
State: [0, 8, 7]
State: [0, 9, 4]
-- :   0.00:  0.00:  0.00:  0.00: 60.24: 43.03: 23.05: 21.95: 13.72:  5.60 ->  Done!
State: [30, 0, 2]
State: [21, 1, 6]
State: [11, 2, 5]
State: [3, 3, 4]
State: [0, 4, 3]
State: [0, 5, 4]
-- :   0.00:  0.00:  0.00:  5.74:  5.88:  5.60 ->  Done!
State: [30, 0, 5]
State: [20, 1, 3]
State: [12, 2, 4]
State: [2, 3, 5]
-- :   0.00:  0.00:  0.00:  6.20 ->  Done!
State: [30, 0, 5]
State: [20, 1, 6]
State: [10, 2, 4]
State: [3, 3, 5]
State: [0, 4, 8]
State: [0, 5, 8]
State: [0, 6, 2]
State: [0, 7, 3]
State: [0, 8, 2]
-- :   0.00:  0.00:  0.00: 18.06: 43.03: 30.73:  5.49:  5.88:  2.80 ->  Done!
State: [30, 0, 5]
State: [20, 1, 2]
State: [11, 2, 5]
State: [3, 3, 6]
State: [0, 4, 3]
State: [0, 5, 6]
State: [0, 6, 6]
-- :   0.00:  0.00:  0.00: 14.52:  8.23: 11.76:  8.40 ->  Done!
State: [30, 0, 2]
State: [21, 1, 5]
State: [11, 2, 3]
State: [5, 3, 4]
State: [0, 4, 3]
State: [0, 5, 6]
State: [0, 6, 5]
-- :   0.00:  0.00:  0.00:  1.16:  8.23: 11.76:  7.00 ->  Done!
State: [30, 0, 3]
State: [21, 1, 5]
State: [11, 2, 7]
State: [5, 3, 4]
State: [0, 4, 3]
State: [0, 5, 4]
-- :   0.00:  0.00:  9.84:  2.26:  5.88:  5.60 ->  Done!
State: [30, 0, 8]
State: [21, 1, 8]
State: [11, 2, 6]
-- :   6.26:  6.08:  5.20 ->  Done!
State: [30, 0, 8]
State: [21, 1, 7]
State: [11, 2, 4]
-- :   6.26:  4.12:  1.60 ->  Done!
State: [30, 0, 2]
State: [21, 1, 6]
State: [11, 2, 5]
State: [3, 3, 4]
State: [0, 4, 3]
State: [0, 5, 4]
State: [0, 6, 5]
-- :   0.00:  0.00:  0.00:  6.84:  8.23:  7.84:  7.00 ->  Done!
State: [30, 0, 3]
State: [21, 1, 4]
State: [11, 2, 5]
-- :   0.00:  0.00:  3.80 ->  Done!
State: [30, 0, 5]
State: [20, 1, 6]
State: [10, 2, 4]
State: [3, 3, 5]
State: [0, 4, 8]
State: [0, 5, 8]
State: [0, 6, 2]
State: [0, 7, 3]
State: [0, 8, 2]
-- :   0.00:  0.00:  0.00: 18.06: 43.03: 30.73:  5.49:  5.88:  2.80 ->  Done!
State: [30, 0, 5]
State: [20, 1, 2]
State: [11, 2, 5]
-- :   0.00:  0.00:  3.80 ->  Done!
State: [30, 0, 6]
State: [20, 1, 3]
State: [12, 2, 6]
State: [2, 3, 6]
State: [0, 4, 2]
State: [0, 5, 5]
-- :   0.00:  0.00:  0.00: 12.98:  3.92:  7.00 ->  Done!
State: [30, 0, 3]
State: [21, 1, 4]
State: [11, 2, 3]
State: [5, 3, 6]
State: [0, 4, 5]
State: [0, 5, 3]
-- :   0.00:  0.00:  0.00:  7.74:  9.80:  4.20 ->  Done!
State: [30, 0, 5]
State: [20, 1, 7]
State: [11, 2, 4]
State: [1, 3, 3]
State: [0, 4, 4]
State: [0, 5, 8]
-- :   0.00:  0.00:  0.00:  6.49:  7.84: 11.20 ->  Done!
State: [30, 0, 8]
State: [21, 1, 6]
State: [11, 2, 8]
State: [1, 3, 7]
State: [0, 4, 4]
-- :   3.62:  0.00:  4.51: 12.76:  5.60 ->  Done!
State: [30, 0, 2]
State: [21, 1, 6]
State: [11, 2, 5]
State: [3, 3, 4]
State: [0, 4, 3]
State: [0, 5, 4]
-- :   0.00:  0.00:  0.00:  5.74:  5.88:  5.60 ->  Done!
State: [30, 0, 5]
State: [20, 1, 3]
State: [12, 2, 4]
State: [2, 3, 5]
-- :   0.00:  0.00:  0.00:  6.20 ->  Done!
State: [30, 0, 5]
State: [20, 1, 6]
State: [10, 2, 4]
State: [3, 3, 5]
-- :   0.00:  0.00:  1.12:  5.80 ->  Done!
State: [30, 0, 8]
State: [21, 1, 8]
State: [11, 2, 2]
State: [2, 3, 3]
State: [0, 4, 2]
State: [0, 5, 5]
State: [0, 6, 2]
State: [0, 7, 5]
-- :   0.00:  0.00:  0.00:  7.38:  7.68: 13.72:  3.92:  7.00 ->  Done!
State: [30, 0, 6]
State: [20, 1, 3]
State: [12, 2, 6]
State: [2, 3, 6]
-- :   0.00:  0.00:  2.16:  7.60 ->  Done!
State: [30, 0, 2]
State: [21, 1, 5]
State: [11, 2, 3]
State: [5, 3, 4]
State: [0, 4, 3]
State: [0, 5, 6]
State: [0, 6, 5]
-- :   0.00:  0.00:  0.00:  1.16:  8.23: 11.76:  7.00 ->  Done!
State: [30, 0, 3]
State: [21, 1, 5]
State: [11, 2, 7]
-- :   0.00:  0.20:  7.40 ->  Done!
State: [30, 0, 4]
State: [21, 1, 3]
State: [11, 2, 4]
State: [1, 3, 8]
State: [0, 4, 8]
-- :   0.00:  0.00:  0.00: 14.72: 11.20 ->  Done!
State: [30, 0, 6]
State: [20, 1, 8]
State: [10, 2, 7]
State: [0, 3, 4]
-- :   0.00:  4.51:  4.12:  5.60 ->  Done!
State: [30, 0, 2]
State: [21, 1, 6]
State: [11, 2, 5]
State: [3, 3, 4]
State: [0, 4, 3]
State: [0, 5, 4]
State: [0, 6, 5]
State: [0, 7, 3]
State: [0, 8, 4]
State: [0, 9, 5]
-- :   0.00:  0.00:  0.00: 13.54: 22.59: 21.51: 19.21:  8.23:  7.84:  7.00 ->  Done!
[18.119999999999997, 24.639999999999997, 23.895999999999994, 13.959999999999997, 11.559999999999997, 45.48479999999999, 8.916799999999995, 55.03647999999998, 74.56127999999998, 69.57631999999998, 1.9999999999999982, 13.631999999999994, 6.679999999999998, 27.63199999999999, 55.18783999999999, 10.04, 35.367999999999995, 127.01592319999997, 7.239999999999998, 2.9599999999999986, 6.679999999999998, 7.199999999999999, 72.88383999999998, 39.43839999999999, 6.919999999999998, 17.134463999999994, 23.47679999999999, 7.239999999999998, 24.32, 102.96927999999997, 29.913599999999995, 3.8, 51.115199999999994, 3.479999999999998, 25.79199999999999, 12.359999999999998, 4.6, 167.58380799999992, 17.223999999999997, 6.2, 105.98579199999996, 42.91679999999998, 28.150399999999994, 23.57759999999999, 17.535999999999994, 11.975999999999996, 29.913599999999995, 3.8, 105.98579199999996, 3.8, 23.895999999999994, 21.743999999999996, 25.527999999999995, 26.493759999999988, 17.223999999999997, 6.2, 6.919999999999998, 39.70143999999999, 9.759999999999996, 28.150399999999994, 7.599999999999998, 25.919999999999995, 14.231999999999994, 99.92291839999997]
  Trial   1/200  |  value=0.8310  |  best=0.8310  |  elapsed=1811s
Episode 10000 Average Reward: -141.66526542095355
Episode 20000 Average Reward: -138.85243308513273
Episode 30000 Average Reward: -134.82831763440635
Episode 40000 Average Reward: -136.22066767647738
Episode 50000 Average Reward: -135.49196372280318
Episode 60000 Average Reward: -135.605067936215
Episode 70000 Average Reward: -136.1646069808537
Episode 80000 Average Reward: -135.36542305515516
Episode 90000 Average Reward: -137.02198244001787
Episode 100000 Average Reward: -131.57604507064318
Episode 110000 Average Reward: -131.0494485160652
Episode 120000 Average Reward: -128.65210638289912
Episode 130000 Average Reward: -131.04379025905658
Episode 140000 Average Reward: -129.53590676789244
Episode 150000 Average Reward: -129.94341250526202
Episode 160000 Average Reward: -129.83733035671548
Episode 170000 Average Reward: -125.95508037342204
Episode 180000 Average Reward: -127.02319631607803
Episode 190000 Average Reward: -124.93257773369336
Episode 200000 Average Reward: -125.8872425718681
Episode 210000 Average Reward: -126.63167224730621
Episode 220000 Average Reward: -125.81221611042812
Episode 230000 Average Reward: -125.24944568953852
Episode 240000 Average Reward: -122.5465198932582
Episode 250000 Average Reward: -121.89532716204026
Episode 260000 Average Reward: -122.39544390594557
Episode 270000 Average Reward: -120.26546801720315
Episode 280000 Average Reward: -120.1866136580403
Episode 290000 Average Reward: -119.68966275136508
Episode 300000 Average Reward: -120.58546511772666
Episode 310000 Average Reward: -119.18986830773244
Episode 320000 Average Reward: -117.15747522260989
Episode 330000 Average Reward: -115.78688808102906
Episode 340000 Average Reward: -117.96453634511866
Episode 350000 Average Reward: -115.86186903728124
Episode 360000 Average Reward: -117.36395742074875
Episode 370000 Average Reward: -111.73489621769211
Episode 380000 Average Reward: -113.1373440797798
Episode 390000 Average Reward: -111.32755330422782
Episode 400000 Average Reward: -114.21088341293051
Episode 410000 Average Reward: -114.08128982635517
Episode 420000 Average Reward: -113.47884599335931
Episode 430000 Average Reward: -111.40285811921918
Episode 440000 Average Reward: -112.41865731679229
Episode 450000 Average Reward: -112.6353461300326
Episode 460000 Average Reward: -108.69607477805052
Episode 470000 Average Reward: -108.10465599210491
Episode 480000 Average Reward: -108.47174389946363
Episode 490000 Average Reward: -106.27101556135933
Episode 500000 Average Reward: -106.74839152036859
Episode 510000 Average Reward: -106.74619565694972
Episode 520000 Average Reward: -105.11189625209852
Episode 530000 Average Reward: -106.97236782895098
Episode 540000 Average Reward: -106.44861643752442
Episode 550000 Average Reward: -103.15411892953084
Episode 560000 Average Reward: -103.6726531996774
Episode 570000 Average Reward: -103.38788626173948
Episode 580000 Average Reward: -101.916628638167
Episode 590000 Average Reward: -102.06273552184317
Episode 600000 Average Reward: -98.98223853400059
Episode 610000 Average Reward: -102.58639011562494
Episode 620000 Average Reward: -100.35340588821501
Episode 630000 Average Reward: -99.96724746821627
Episode 640000 Average Reward: -101.00281063864317
Episode 650000 Average Reward: -98.9657736884326
Episode 660000 Average Reward: -99.26549299853308
Episode 670000 Average Reward: -98.55134710978557
Episode 680000 Average Reward: -97.78662762530814
Episode 690000 Average Reward: -97.84623347675132
Episode 700000 Average Reward: -95.48405953977341
Episode 710000 Average Reward: -95.125212033495
Episode 720000 Average Reward: -94.80918541537277
Episode 730000 Average Reward: -94.33294798051325
Episode 740000 Average Reward: -94.42588832759803
Episode 750000 Average Reward: -93.88862673873918
Episode 760000 Average Reward: -94.66480968468478
Episode 770000 Average Reward: -92.71813575016446
Episode 780000 Average Reward: -91.51839450984444
Episode 790000 Average Reward: -91.81142758777854
Episode 800000 Average Reward: -91.85335947966462
Episode 810000 Average Reward: -88.13323007022078
Episode 820000 Average Reward: -87.37759894263804
Episode 830000 Average Reward: -88.91971004409852
Episode 840000 Average Reward: -88.86908349300735
Episode 850000 Average Reward: -88.48736278358014
Episode 860000 Average Reward: -88.8982199144243
Episode 870000 Average Reward: -87.27577725102077
Episode 880000 Average Reward: -88.97196608060415
Episode 890000 Average Reward: -88.57108425911295
Episode 900000 Average Reward: -85.74835240017917
State: [30, 0, 5]
State: [20, 1, 6]
State: [10, 2, 4]
State: [7, 3, 5]
State: [0, 4, 8]
-- :   0.00:  0.00:  5.74:  3.08: 11.20 ->  Done!
State: [30, 0, 8]
State: [20, 1, 2]
State: [12, 2, 3]
State: [8, 3, 2]
State: [0, 4, 5]
State: [0, 5, 2]
State: [0, 6, 5]
-- :   0.00:  0.00:  0.00:  0.00: 13.72:  3.92:  7.00 ->  Done!
State: [30, 0, 6]
State: [20, 1, 3]
State: [12, 2, 6]
State: [2, 3, 6]
State: [0, 4, 2]
State: [0, 5, 5]
-- :   0.00:  0.00:  0.00: 12.98:  3.92:  7.00 ->  Done!
State: [30, 0, 3]
State: [20, 1, 4]
State: [12, 2, 3]
State: [8, 3, 6]
State: [0, 4, 5]
-- :   0.00:  0.00:  1.26:  4.08:  7.00 ->  Done!
State: [30, 0, 3]
State: [20, 1, 5]
State: [12, 2, 7]
State: [5, 3, 4]
-- :   0.00:  0.00:  7.00:  3.60 ->  Done!
State: [30, 0, 3]
State: [20, 1, 4]
State: [12, 2, 8]
State: [7, 3, 8]
State: [0, 4, 6]
State: [0, 5, 8]
-- :   0.00:  0.00: 16.52:  9.74: 11.76: 11.20 ->  Done!
State: [30, 0, 7]
State: [20, 1, 4]
State: [12, 2, 2]
State: [5, 3, 6]
-- :   0.00:  0.00:  0.00:  6.40 ->  Done!
State: [30, 0, 5]
State: [20, 1, 4]
State: [12, 2, 3]
State: [8, 3, 4]
State: [0, 4, 5]
State: [0, 5, 3]
State: [0, 6, 4]
State: [0, 7, 5]
-- :   0.00:  0.00:  0.00:  0.00: 19.21:  8.23:  7.84:  7.00 ->  Done!
State: [30, 0, 5]
State: [20, 1, 6]
State: [10, 2, 4]
State: [7, 3, 5]
State: [0, 4, 8]
State: [0, 5, 8]
State: [0, 6, 2]
State: [0, 7, 3]
-- :   0.00:  0.00: 10.53:  0.00: 30.73: 21.95:  3.92:  4.20 ->  Done!
State: [30, 0, 2]
State: [20, 1, 5]
State: [12, 2, 2]
State: [5, 3, 5]
State: [0, 4, 6]
State: [0, 5, 3]
State: [0, 6, 6]
State: [0, 7, 6]
-- :   0.00:  0.00:  0.00:  5.00: 23.05:  8.23: 11.76:  8.40 ->  Done!
State: [30, 0, 2]
State: [20, 1, 5]
State: [12, 2, 3]
-- :   0.00:  2.12:  2.60 ->  Done!
State: [30, 0, 4]
State: [20, 1, 3]
State: [12, 2, 6]
State: [2, 3, 5]
State: [0, 4, 3]
-- :   0.00:  0.00:  0.00:  7.88:  4.20 ->  Done!
State: [30, 0, 5]
State: [20, 1, 7]
State: [14, 2, 4]
-- :   0.00:  7.96:  1.60 ->  Done!
State: [30, 0, 3]
State: [20, 1, 4]
State: [12, 2, 8]
State: [7, 3, 8]
State: [0, 4, 6]
-- :   0.00:  0.00: 13.23:  8.96:  8.40 ->  Done!
State: [30, 0, 8]
State: [20, 1, 7]
State: [14, 2, 4]
State: [4, 3, 2]
State: [0, 4, 6]
State: [0, 5, 5]
State: [0, 6, 4]
State: [0, 7, 3]
-- :   0.00: 16.54:  0.00:  0.00: 23.05: 13.72:  7.84:  4.20 ->  Done!
State: [30, 0, 4]
State: [20, 1, 5]
State: [12, 2, 3]
State: [8, 3, 4]
State: [0, 4, 5]
-- :   0.00:  0.00:  1.26:  0.16:  7.00 ->  Done!
State: [30, 0, 5]
State: [20, 1, 6]
State: [10, 2, 4]
State: [7, 3, 5]
State: [0, 4, 8]
State: [0, 5, 8]
-- :   0.00:  0.00:  6.84:  1.51: 15.68: 11.20 ->  Done!
State: [30, 0, 2]
State: [20, 1, 3]
State: [12, 2, 2]
State: [5, 3, 5]
State: [0, 4, 2]
State: [0, 5, 5]
State: [0, 6, 6]
State: [0, 7, 3]
State: [0, 8, 6]
State: [0, 9, 6]
-- :   0.00:  0.00:  0.00:  5.00: 15.06: 26.89: 23.05:  8.23: 11.76:  8.40 ->  Done!
State: [30, 0, 2]
State: [20, 1, 5]
State: [12, 2, 3]
State: [8, 3, 4]
State: [0, 4, 3]
-- :   0.00:  0.00:  1.26:  0.16:  4.20 ->  Done!
State: [30, 0, 6]
State: [20, 1, 5]
State: [12, 2, 3]
-- :   0.00:  2.12:  2.60 ->  Done!
State: [30, 0, 5]
State: [20, 1, 7]
State: [14, 2, 4]
-- :   0.00:  7.96:  1.60 ->  Done!
State: [30, 0, 3]
State: [20, 1, 4]
State: [12, 2, 8]
-- :   0.00:  0.16:  9.20 ->  Done!
State: [30, 0, 8]
State: [20, 1, 6]
State: [10, 2, 8]
State: [5, 3, 7]
State: [0, 4, 4]
State: [0, 5, 2]
State: [0, 6, 6]
State: [0, 7, 5]
-- :   0.00:  0.00: 27.59: 15.76: 15.37:  5.49: 11.76:  7.00 ->  Done!
State: [30, 0, 4]
State: [20, 1, 3]
State: [12, 2, 4]
State: [5, 3, 5]
State: [0, 4, 3]
State: [0, 5, 4]
State: [0, 6, 5]
-- :   0.00:  0.00:  0.00:  5.00:  8.23:  7.84:  7.00 ->  Done!
State: [30, 0, 5]
State: [20, 1, 6]
State: [10, 2, 4]
State: [7, 3, 5]
-- :   0.00:  0.00:  4.96:  4.20 ->  Done!
State: [30, 0, 8]
State: [20, 1, 8]
State: [10, 2, 2]
State: [1, 3, 3]
State: [0, 4, 2]
State: [0, 5, 5]
-- :   0.00:  0.00:  0.00:  6.49:  3.92:  7.00 ->  Done!
State: [30, 0, 2]
State: [20, 1, 5]
State: [12, 2, 6]
State: [2, 3, 3]
State: [0, 4, 6]
State: [0, 5, 6]
-- :   0.00:  0.00:  0.00:  4.74: 11.76:  8.40 ->  Done!
State: [30, 0, 2]
State: [20, 1, 5]
State: [12, 2, 3]
State: [8, 3, 4]
State: [0, 4, 3]
-- :   0.00:  0.00:  1.26:  0.16:  4.20 ->  Done!
State: [30, 0, 6]
State: [20, 1, 5]
State: [12, 2, 3]
State: [8, 3, 5]
State: [0, 4, 7]
State: [0, 5, 4]
-- :   0.00:  0.00:  0.16:  0.00: 13.72:  5.60 ->  Done!
State: [30, 0, 3]
State: [20, 1, 4]
State: [12, 2, 8]
State: [7, 3, 8]
State: [0, 4, 6]
State: [0, 5, 8]
State: [0, 6, 7]
State: [0, 7, 4]
-- :   0.00:  0.00: 27.59: 12.38: 23.05: 21.95: 13.72:  5.60 ->  Done!
State: [30, 0, 2]
State: [20, 1, 6]
State: [10, 2, 5]
State: [1, 3, 4]
State: [0, 4, 3]
State: [0, 5, 4]
State: [0, 6, 5]
-- :   0.00:  0.00:  0.00: 12.52:  8.23:  7.84:  7.00 ->  Done!
State: [30, 0, 3]
State: [20, 1, 4]
State: [12, 2, 5]
-- :   0.00:  0.16:  4.20 ->  Done!
State: [30, 0, 5]
State: [20, 1, 6]
State: [10, 2, 4]
State: [7, 3, 5]
State: [0, 4, 8]
State: [0, 5, 8]
State: [0, 6, 2]
-- :   0.00:  0.00:  8.38:  0.00: 21.95: 15.68:  2.80 ->  Done!
State: [30, 0, 3]
State: [20, 1, 2]
State: [12, 2, 5]
State: [5, 3, 2]
-- :   0.00:  0.00:  3.08:  0.80 ->  Done!
State: [30, 0, 5]
State: [20, 1, 6]
State: [10, 2, 3]
State: [2, 3, 6]
State: [0, 4, 6]
State: [0, 5, 2]
-- :   0.00:  0.00:  0.00: 12.98: 11.76:  2.80 ->  Done!
State: [30, 0, 5]
State: [20, 1, 3]
State: [12, 2, 4]
State: [5, 3, 3]
State: [0, 4, 6]
-- :   0.00:  0.00:  0.00:  1.08:  8.40 ->  Done!
State: [30, 0, 5]
State: [20, 1, 3]
State: [12, 2, 5]
-- :   0.00:  0.00:  4.20 ->  Done!
State: [30, 0, 7]
State: [20, 1, 4]
State: [12, 2, 3]
State: [8, 3, 4]
State: [0, 4, 8]
State: [0, 5, 8]
State: [0, 6, 6]
State: [0, 7, 8]
State: [0, 8, 7]
State: [0, 9, 4]
-- :   0.00:  0.00:  0.00:  0.00: 60.24: 43.03: 23.05: 21.95: 13.72:  5.60 ->  Done!
State: [30, 0, 2]
State: [20, 1, 6]
State: [10, 2, 5]
State: [1, 3, 4]
State: [0, 4, 3]
State: [0, 5, 4]
-- :   0.00:  0.00:  0.00:  9.23:  5.88:  5.60 ->  Done!
State: [30, 0, 5]
State: [20, 1, 3]
State: [12, 2, 4]
State: [5, 3, 5]
-- :   0.00:  0.00:  1.12:  5.00 ->  Done!
State: [30, 0, 5]
State: [20, 1, 6]
State: [10, 2, 4]
State: [7, 3, 5]
State: [0, 4, 8]
State: [0, 5, 8]
State: [0, 6, 2]
State: [0, 7, 3]
State: [0, 8, 2]
-- :   0.00:  0.00: 13.54:  0.00: 43.03: 30.73:  5.49:  5.88:  2.80 ->  Done!
State: [30, 0, 5]
State: [20, 1, 2]
State: [12, 2, 5]
State: [5, 3, 6]
State: [0, 4, 3]
State: [0, 5, 6]
State: [0, 6, 6]
-- :   0.00:  0.00:  0.00:  8.84:  8.23: 11.76:  8.40 ->  Done!
State: [30, 0, 2]
State: [20, 1, 5]
State: [12, 2, 3]
State: [8, 3, 4]
State: [0, 4, 3]
State: [0, 5, 6]
State: [0, 6, 5]
-- :   0.00:  0.00:  0.00:  0.00:  8.23: 11.76:  7.00 ->  Done!
State: [30, 0, 3]
State: [20, 1, 5]
State: [12, 2, 7]
State: [5, 3, 4]
State: [0, 4, 3]
State: [0, 5, 4]
-- :   0.00:  0.00:  7.00:  2.26:  5.88:  5.60 ->  Done!
State: [30, 0, 8]
State: [20, 1, 8]
State: [10, 2, 6]
-- :   4.51:  6.08:  5.20 ->  Done!
State: [30, 0, 8]
State: [20, 1, 7]
State: [14, 2, 4]
-- :   4.51:  7.96:  1.60 ->  Done!
State: [30, 0, 2]
State: [20, 1, 6]
State: [10, 2, 5]
State: [1, 3, 4]
State: [0, 4, 3]
State: [0, 5, 4]
State: [0, 6, 5]
-- :   0.00:  0.00:  0.00: 12.52:  8.23:  7.84:  7.00 ->  Done!
State: [30, 0, 3]
State: [20, 1, 4]
State: [12, 2, 5]
-- :   0.00:  0.16:  4.20 ->  Done!
State: [30, 0, 5]
State: [20, 1, 6]
State: [10, 2, 4]
State: [7, 3, 5]
State: [0, 4, 8]
State: [0, 5, 8]
State: [0, 6, 2]
State: [0, 7, 3]
State: [0, 8, 2]
-- :   0.00:  0.00: 13.54:  0.00: 43.03: 30.73:  5.49:  5.88:  2.80 ->  Done!
State: [30, 0, 5]
State: [20, 1, 2]
State: [12, 2, 5]
-- :   0.00:  0.00:  4.20 ->  Done!
State: [30, 0, 6]
State: [20, 1, 3]
State: [12, 2, 6]
State: [2, 3, 6]
State: [0, 4, 2]
State: [0, 5, 5]
-- :   0.00:  0.00:  0.00: 12.98:  3.92:  7.00 ->  Done!
State: [30, 0, 3]
State: [20, 1, 4]
State: [12, 2, 3]
State: [8, 3, 6]
State: [0, 4, 5]
State: [0, 5, 3]
-- :   0.00:  0.00:  0.16:  2.51:  9.80:  4.20 ->  Done!
State: [30, 0, 5]
State: [20, 1, 7]
State: [14, 2, 4]
State: [4, 3, 3]
State: [0, 4, 4]
State: [0, 5, 8]
-- :   0.00: 11.38:  0.00:  1.26:  7.84: 11.20 ->  Done!
State: [30, 0, 8]
State: [20, 1, 6]
State: [10, 2, 8]
State: [5, 3, 7]
State: [0, 4, 4]
-- :   0.00:  0.00: 13.23:  8.92:  5.60 ->  Done!
State: [30, 0, 2]
State: [20, 1, 6]
State: [10, 2, 5]
State: [1, 3, 4]
State: [0, 4, 3]
State: [0, 5, 4]
-- :   0.00:  0.00:  0.00:  9.23:  5.88:  5.60 ->  Done!
State: [30, 0, 5]
State: [20, 1, 3]
State: [12, 2, 4]
State: [5, 3, 5]
-- :   0.00:  0.00:  1.12:  5.00 ->  Done!
State: [30, 0, 5]
State: [20, 1, 6]
State: [10, 2, 4]
State: [7, 3, 5]
-- :   0.00:  0.00:  4.96:  4.20 ->  Done!
State: [30, 0, 8]
State: [20, 1, 8]
State: [10, 2, 2]
State: [1, 3, 3]
State: [0, 4, 2]
State: [0, 5, 5]
State: [0, 6, 2]
State: [0, 7, 5]
-- :   0.00:  0.00:  0.00: 11.76:  7.68: 13.72:  3.92:  7.00 ->  Done!
State: [30, 0, 6]
State: [20, 1, 3]
State: [12, 2, 6]
State: [2, 3, 6]
-- :   0.00:  0.00:  2.16:  7.60 ->  Done!
State: [30, 0, 2]
State: [20, 1, 5]
State: [12, 2, 3]
State: [8, 3, 4]
State: [0, 4, 3]
State: [0, 5, 6]
State: [0, 6, 5]
-- :   0.00:  0.00:  0.00:  0.00:  8.23: 11.76:  7.00 ->  Done!
State: [30, 0, 3]
State: [20, 1, 5]
State: [12, 2, 7]
-- :   0.00:  2.12:  7.00 ->  Done!
State: [30, 0, 4]
State: [20, 1, 3]
State: [12, 2, 4]
State: [5, 3, 8]
State: [0, 4, 8]
-- :   0.00:  0.00:  0.00: 10.88: 11.20 ->  Done!
State: [30, 0, 6]
State: [20, 1, 8]
State: [10, 2, 7]
State: [4, 3, 4]
-- :   0.00:  4.51:  7.96:  4.00 ->  Done!
State: [30, 0, 2]
State: [20, 1, 6]
State: [10, 2, 5]
State: [1, 3, 4]
State: [0, 4, 3]
State: [0, 5, 4]
State: [0, 6, 5]
State: [0, 7, 3]
State: [0, 8, 4]
State: [0, 9, 5]
-- :   0.00:  0.00:  0.00: 32.62: 22.59: 21.51: 19.21:  8.23:  7.84:  7.00 ->  Done!
[20.023999999999994, 24.639999999999997, 23.895999999999994, 12.335999999999995, 10.599999999999996, 49.22879999999999, 6.399999999999999, 42.27999999999999, 71.33433599999998, 56.44159999999999, 4.719999999999999, 12.079999999999998, 9.559999999999997, 30.59199999999999, 65.35095039999996, 8.415999999999997, 35.233599999999996, 98.39187199999998, 5.615999999999996, 4.719999999999999, 9.559999999999997, 9.359999999999998, 82.95948799999996, 28.071999999999996, 9.159999999999998, 17.407999999999994, 24.903999999999996, 5.615999999999996, 19.478399999999993, 104.28844799999995, 35.59679999999999, 4.359999999999998, 48.810239999999986, 3.8799999999999986, 27.53599999999999, 9.479999999999997, 4.199999999999999, 167.58380799999992, 20.711999999999996, 6.119999999999999, 101.46807039999996, 37.23359999999999, 26.991999999999997, 20.735999999999986, 15.791999999999994, 14.071999999999994, 35.59679999999999, 4.359999999999998, 101.46807039999996, 4.199999999999999, 23.895999999999994, 16.67039999999999, 31.674239999999983, 27.751999999999995, 20.711999999999996, 6.119999999999999, 9.159999999999998, 44.07967999999998, 9.759999999999996, 26.991999999999997, 9.119999999999997, 22.08, 16.471999999999994, 119.00561919999997]
  Trial   2/200  |  value=0.8247  |  best=0.8310  |  elapsed=3491s
Episode 10000 Average Reward: -138.6174960507289
Episode 20000 Average Reward: -135.23630121968634
Episode 30000 Average Reward: -139.10397274695674
Episode 40000 Average Reward: -135.52830441086968
Episode 50000 Average Reward: -134.87254182370302
Episode 60000 Average Reward: -133.558246308823
Episode 70000 Average Reward: -129.416445220567
Episode 80000 Average Reward: -133.7946704643891
Episode 90000 Average Reward: -128.1069654663782
Episode 100000 Average Reward: -133.236544301271
Episode 110000 Average Reward: -128.89040137519098
Episode 120000 Average Reward: -125.85822951957499
Episode 130000 Average Reward: -126.41134440116221
Episode 140000 Average Reward: -125.85993354161147
Episode 150000 Average Reward: -124.04331143775228
Episode 160000 Average Reward: -125.39965346900988
Episode 170000 Average Reward: -124.92671872429051
Episode 180000 Average Reward: -123.43755844405243
Episode 190000 Average Reward: -122.99321992558588
Episode 200000 Average Reward: -123.32338603618298
Episode 210000 Average Reward: -122.26250357432315
Episode 220000 Average Reward: -117.68892718615545
Episode 230000 Average Reward: -120.28048847815676
Episode 240000 Average Reward: -117.61869627364348
Episode 250000 Average Reward: -118.89693949627387
Episode 260000 Average Reward: -118.38088440743931
Episode 270000 Average Reward: -116.50554280091643
Episode 280000 Average Reward: -113.78924844133373
Episode 290000 Average Reward: -112.84519450726395
Episode 300000 Average Reward: -113.27561412965372
Episode 310000 Average Reward: -111.52155361005563
Episode 320000 Average Reward: -112.13966171911163
Episode 330000 Average Reward: -111.63160364412924
Episode 340000 Average Reward: -110.4063909134438
Episode 350000 Average Reward: -110.74937210076156
Episode 360000 Average Reward: -108.08590935854076
Episode 370000 Average Reward: -108.22883217944573
Episode 380000 Average Reward: -105.78908623590395
Episode 390000 Average Reward: -109.32973356807165
Episode 400000 Average Reward: -105.28482845705211
Episode 410000 Average Reward: -103.20319338489853
Episode 420000 Average Reward: -102.83304405587964
Episode 430000 Average Reward: -103.45767815129084
Episode 440000 Average Reward: -102.15724934958075
Episode 450000 Average Reward: -102.84147379435517
Episode 460000 Average Reward: -102.05983396935676
Episode 470000 Average Reward: -101.33458411397116
Episode 480000 Average Reward: -100.00239949861886
Episode 490000 Average Reward: -98.24893791388666
Episode 500000 Average Reward: -98.21409250326525
Episode 510000 Average Reward: -98.18472499003387
Episode 520000 Average Reward: -96.4246039683686
Episode 530000 Average Reward: -95.49541588727804
Episode 540000 Average Reward: -94.72988796394493
Episode 550000 Average Reward: -93.92033657363453
Episode 560000 Average Reward: -95.64171077745661
Episode 570000 Average Reward: -93.81216186415101
Episode 580000 Average Reward: -92.22272471245822
Episode 590000 Average Reward: -94.60179860730878
Episode 600000 Average Reward: -92.23086475133948
Episode 610000 Average Reward: -89.9856471362355
Episode 620000 Average Reward: -91.09872487280637
Episode 630000 Average Reward: -90.32315654150142
Episode 640000 Average Reward: -88.54032907844606
Episode 650000 Average Reward: -89.18555508409341
Episode 660000 Average Reward: -86.74235520652283
Episode 670000 Average Reward: -87.58927058867198
Episode 680000 Average Reward: -87.28406876739582
Episode 690000 Average Reward: -86.52846714773501
Episode 700000 Average Reward: -85.71044460888062
State: [30, 0, 5]
State: [20, 1, 6]
State: [10, 2, 4]
State: [0, 3, 5]
State: [0, 4, 8]
-- :   0.00:  0.00:  0.00:  9.80: 11.20 ->  Done!
State: [30, 0, 8]
State: [20, 1, 2]
State: [11, 2, 3]
State: [1, 3, 2]
State: [0, 4, 5]
State: [0, 5, 2]
State: [0, 6, 5]
-- :   0.00:  0.00:  0.00:  4.84: 13.72:  3.92:  7.00 ->  Done!
State: [30, 0, 6]
State: [20, 1, 3]
State: [11, 2, 6]
State: [5, 3, 6]
State: [0, 4, 2]
State: [0, 5, 5]
-- :   0.00:  0.00:  6.00:  7.74:  3.92:  7.00 ->  Done!
State: [30, 0, 3]
State: [20, 1, 4]
State: [12, 2, 3]
State: [3, 3, 6]
State: [0, 4, 5]
-- :   0.00:  0.00:  0.00:  8.88:  7.00 ->  Done!
State: [30, 0, 3]
State: [20, 1, 5]
State: [10, 2, 7]
State: [0, 3, 4]
-- :   0.00:  0.00:  4.12:  5.60 ->  Done!
State: [30, 0, 3]
State: [20, 1, 4]
State: [12, 2, 8]
State: [2, 3, 8]
State: [0, 4, 6]
State: [0, 5, 8]
-- :   0.00:  0.00:  2.32: 18.46: 11.76: 11.20 ->  Done!
State: [30, 0, 7]
State: [20, 1, 4]
State: [12, 2, 2]
State: [4, 3, 6]
-- :   0.00:  0.00:  0.00:  6.80 ->  Done!
State: [30, 0, 5]
State: [20, 1, 4]
State: [12, 2, 3]
State: [3, 3, 4]
State: [0, 4, 5]
State: [0, 5, 3]
State: [0, 6, 4]
State: [0, 7, 5]
-- :   0.00:  0.00:  0.00:  8.38: 19.21:  8.23:  7.84:  7.00 ->  Done!
State: [30, 0, 5]
State: [20, 1, 6]
State: [10, 2, 4]
State: [0, 3, 5]
State: [0, 4, 8]
State: [0, 5, 8]
State: [0, 6, 2]
State: [0, 7, 3]
-- :   0.00:  0.00:  0.00: 26.89: 30.73: 21.95:  3.92:  4.20 ->  Done!
State: [30, 0, 2]
State: [20, 1, 5]
State: [10, 2, 2]
State: [1, 3, 5]
State: [0, 4, 6]
State: [0, 5, 3]
State: [0, 6, 6]
State: [0, 7, 6]
-- :   0.00:  0.00:  0.00: 22.51: 23.05:  8.23: 11.76:  8.40 ->  Done!
State: [30, 0, 2]
State: [20, 1, 5]
State: [10, 2, 3]
-- :   0.00:  0.20:  0.60 ->  Done!
State: [30, 0, 4]
State: [20, 1, 3]
State: [11, 2, 6]
State: [5, 3, 5]
State: [0, 4, 3]
-- :   0.00:  0.00:  6.00:  5.00:  4.20 ->  Done!
State: [30, 0, 5]
State: [20, 1, 7]
State: [11, 2, 4]
-- :   0.00:  5.08:  2.00 ->  Done!
State: [30, 0, 3]
State: [20, 1, 4]
State: [12, 2, 8]
State: [2, 3, 8]
State: [0, 4, 6]
-- :   0.00:  0.00:  4.51: 13.76:  8.40 ->  Done!
State: [30, 0, 8]
State: [20, 1, 7]
State: [11, 2, 4]
State: [2, 3, 2]
State: [0, 4, 6]
State: [0, 5, 5]
State: [0, 6, 4]
State: [0, 7, 3]
-- :   0.00:  0.00:  0.00:  2.00: 23.05: 13.72:  7.84:  4.20 ->  Done!
State: [30, 0, 4]
State: [20, 1, 5]
State: [10, 2, 3]
State: [1, 3, 4]
State: [0, 4, 5]
-- :   0.00:  0.00:  0.00:  6.88:  7.00 ->  Done!
State: [30, 0, 5]
State: [20, 1, 6]
State: [10, 2, 4]
State: [0, 3, 5]
State: [0, 4, 8]
State: [0, 5, 8]
-- :   0.00:  0.00:  0.00: 13.72: 15.68: 11.20 ->  Done!
State: [30, 0, 2]
State: [20, 1, 3]
State: [11, 2, 2]
State: [4, 3, 5]
State: [0, 4, 2]
State: [0, 5, 5]
State: [0, 6, 6]
State: [0, 7, 3]
State: [0, 8, 6]
State: [0, 9, 6]
-- :   0.00:  0.00:  0.00: 14.54: 15.06: 26.89: 23.05:  8.23: 11.76:  8.40 ->  Done!
State: [30, 0, 2]
State: [20, 1, 5]
State: [10, 2, 3]
State: [1, 3, 4]
State: [0, 4, 3]
-- :   0.00:  0.00:  0.00:  6.88:  4.20 ->  Done!
State: [30, 0, 6]
State: [20, 1, 5]
State: [10, 2, 3]
-- :   0.00:  0.20:  0.60 ->  Done!
State: [30, 0, 5]
State: [20, 1, 7]
State: [11, 2, 4]
-- :   0.00:  5.08:  2.00 ->  Done!
State: [30, 0, 3]
State: [20, 1, 4]
State: [12, 2, 8]
-- :   0.00:  0.16:  7.20 ->  Done!
State: [30, 0, 8]
State: [20, 1, 6]
State: [10, 2, 8]
State: [1, 3, 7]
State: [0, 4, 4]
State: [0, 5, 2]
State: [0, 6, 6]
State: [0, 7, 5]
-- :   0.00:  0.00:  1.47: 33.27: 15.37:  5.49: 11.76:  7.00 ->  Done!
State: [30, 0, 4]
State: [20, 1, 3]
State: [11, 2, 4]
State: [2, 3, 5]
State: [0, 4, 3]
State: [0, 5, 4]
State: [0, 6, 5]
-- :   0.00:  0.00:  0.00: 13.52:  8.23:  7.84:  7.00 ->  Done!
State: [30, 0, 5]
State: [20, 1, 6]
State: [10, 2, 4]
State: [0, 3, 5]
-- :   0.00:  0.00:  0.00:  7.00 ->  Done!
State: [30, 0, 8]
State: [20, 1, 8]
State: [12, 2, 2]
State: [4, 3, 3]
State: [0, 4, 2]
State: [0, 5, 5]
-- :   0.00:  8.00:  0.00:  1.26:  3.92:  7.00 ->  Done!
State: [30, 0, 2]
State: [20, 1, 5]
State: [10, 2, 6]
State: [0, 3, 3]
State: [0, 4, 6]
State: [0, 5, 6]
-- :   0.00:  0.00:  0.00:  8.23: 11.76:  8.40 ->  Done!
State: [30, 0, 2]
State: [20, 1, 5]
State: [10, 2, 3]
State: [1, 3, 4]
State: [0, 4, 3]
-- :   0.00:  0.00:  0.00:  6.88:  4.20 ->  Done!
State: [30, 0, 6]
State: [20, 1, 5]
State: [10, 2, 3]
State: [1, 3, 5]
State: [0, 4, 7]
State: [0, 5, 4]
-- :   0.00:  0.00:  0.00: 11.98: 13.72:  5.60 ->  Done!
State: [30, 0, 3]
State: [20, 1, 4]
State: [12, 2, 8]
State: [2, 3, 8]
State: [0, 4, 6]
State: [0, 5, 8]
State: [0, 6, 7]
State: [0, 7, 4]
-- :   0.00:  0.00:  0.00: 34.27: 23.05: 21.95: 13.72:  5.60 ->  Done!
State: [30, 0, 2]
State: [20, 1, 6]
State: [10, 2, 5]
State: [2, 3, 4]
State: [0, 4, 3]
State: [0, 5, 4]
State: [0, 6, 5]
-- :   0.00:  0.00:  0.00:  9.68:  8.23:  7.84:  7.00 ->  Done!
State: [30, 0, 3]
State: [20, 1, 4]
State: [12, 2, 5]
-- :   0.00:  0.16:  4.60 ->  Done!
State: [30, 0, 5]
State: [20, 1, 6]
State: [10, 2, 4]
State: [0, 3, 5]
State: [0, 4, 8]
State: [0, 5, 8]
State: [0, 6, 2]
-- :   0.00:  0.00:  0.00: 19.21: 21.95: 15.68:  2.80 ->  Done!
State: [30, 0, 3]
State: [20, 1, 2]
State: [11, 2, 5]
State: [1, 3, 2]
-- :   0.00:  0.00:  0.20:  2.40 ->  Done!
State: [30, 0, 5]
State: [20, 1, 6]
State: [10, 2, 3]
State: [1, 3, 6]
State: [0, 4, 6]
State: [0, 5, 2]
-- :   0.00:  0.00:  0.00: 14.72: 11.76:  2.80 ->  Done!
State: [30, 0, 5]
State: [20, 1, 3]
State: [11, 2, 4]
State: [2, 3, 3]
State: [0, 4, 6]
-- :   0.00:  0.00:  0.00:  3.96:  8.40 ->  Done!
State: [30, 0, 5]
State: [20, 1, 3]
State: [11, 2, 5]
-- :   0.00:  0.00:  3.00 ->  Done!
State: [30, 0, 7]
State: [20, 1, 4]
State: [12, 2, 3]
State: [3, 3, 4]
State: [0, 4, 8]
State: [0, 5, 8]
State: [0, 6, 6]
State: [0, 7, 8]
State: [0, 8, 7]
State: [0, 9, 4]
-- :   0.00:  0.00:  0.00: 13.54: 60.24: 43.03: 23.05: 21.95: 13.72:  5.60 ->  Done!
State: [30, 0, 2]
State: [20, 1, 6]
State: [10, 2, 5]
State: [2, 3, 4]
State: [0, 4, 3]
State: [0, 5, 4]
-- :   0.00:  0.00:  0.00:  7.49:  5.88:  5.60 ->  Done!
State: [30, 0, 5]
State: [20, 1, 3]
State: [11, 2, 4]
State: [2, 3, 5]
-- :   0.00:  0.00:  0.00:  6.20 ->  Done!
State: [30, 0, 5]
State: [20, 1, 6]
State: [10, 2, 4]
State: [0, 3, 5]
State: [0, 4, 8]
State: [0, 5, 8]
State: [0, 6, 2]
State: [0, 7, 3]
State: [0, 8, 2]
-- :   0.00:  0.00:  0.00: 37.65: 43.03: 30.73:  5.49:  5.88:  2.80 ->  Done!
State: [30, 0, 5]
State: [20, 1, 2]
State: [11, 2, 5]
State: [1, 3, 6]
State: [0, 4, 3]
State: [0, 5, 6]
State: [0, 6, 6]
-- :   0.00:  0.00:  0.00: 20.21:  8.23: 11.76:  8.40 ->  Done!
State: [30, 0, 2]
State: [20, 1, 5]
State: [10, 2, 3]
State: [1, 3, 4]
State: [0, 4, 3]
State: [0, 5, 6]
State: [0, 6, 5]
-- :   0.00:  0.00:  0.00: 12.52:  8.23: 11.76:  7.00 ->  Done!
State: [30, 0, 3]
State: [20, 1, 5]
State: [10, 2, 7]
State: [0, 3, 4]
State: [0, 4, 3]
State: [0, 5, 4]
-- :   0.00:  0.00:  0.00: 10.98:  5.88:  5.60 ->  Done!
State: [30, 0, 8]
State: [20, 1, 8]
State: [12, 2, 6]
-- :   4.51:  8.00:  4.80 ->  Done!
State: [30, 0, 8]
State: [20, 1, 7]
State: [11, 2, 4]
-- :   4.51:  5.08:  2.00 ->  Done!
State: [30, 0, 2]
State: [20, 1, 6]
State: [10, 2, 5]
State: [2, 3, 4]
State: [0, 4, 3]
State: [0, 5, 4]
State: [0, 6, 5]
-- :   0.00:  0.00:  0.00:  9.68:  8.23:  7.84:  7.00 ->  Done!
State: [30, 0, 3]
State: [20, 1, 4]
State: [12, 2, 5]
-- :   0.00:  0.16:  4.60 ->  Done!
State: [30, 0, 5]
State: [20, 1, 6]
State: [10, 2, 4]
State: [0, 3, 5]
State: [0, 4, 8]
State: [0, 5, 8]
State: [0, 6, 2]
State: [0, 7, 3]
State: [0, 8, 2]
-- :   0.00:  0.00:  0.00: 37.65: 43.03: 30.73:  5.49:  5.88:  2.80 ->  Done!
State: [30, 0, 5]
State: [20, 1, 2]
State: [11, 2, 5]
-- :   0.00:  0.00:  3.00 ->  Done!
State: [30, 0, 6]
State: [20, 1, 3]
State: [11, 2, 6]
State: [5, 3, 6]
State: [0, 4, 2]
State: [0, 5, 5]
-- :   0.00:  0.00:  6.00:  7.74:  3.92:  7.00 ->  Done!
State: [30, 0, 3]
State: [20, 1, 4]
State: [12, 2, 3]
State: [3, 3, 6]
State: [0, 4, 5]
State: [0, 5, 3]
-- :   0.00:  0.00:  0.00: 11.23:  9.80:  4.20 ->  Done!
State: [30, 0, 5]
State: [20, 1, 7]
State: [11, 2, 4]
State: [2, 3, 3]
State: [0, 4, 4]
State: [0, 5, 8]
-- :   0.00:  0.00:  0.00:  4.74:  7.84: 11.20 ->  Done!
State: [30, 0, 8]
State: [20, 1, 6]
State: [10, 2, 8]
State: [1, 3, 7]
State: [0, 4, 4]
-- :   0.00:  0.00:  6.26: 12.76:  5.60 ->  Done!
State: [30, 0, 2]
State: [20, 1, 6]
State: [10, 2, 5]
State: [2, 3, 4]
State: [0, 4, 3]
State: [0, 5, 4]
-- :   0.00:  0.00:  0.00:  7.49:  5.88:  5.60 ->  Done!
State: [30, 0, 5]
State: [20, 1, 3]
State: [11, 2, 4]
State: [2, 3, 5]
-- :   0.00:  0.00:  0.00:  6.20 ->  Done!
State: [30, 0, 5]
State: [20, 1, 6]
State: [10, 2, 4]
State: [0, 3, 5]
-- :   0.00:  0.00:  0.00:  7.00 ->  Done!
State: [30, 0, 8]
State: [20, 1, 8]
State: [12, 2, 2]
State: [4, 3, 3]
State: [0, 4, 2]
State: [0, 5, 5]
State: [0, 6, 2]
State: [0, 7, 5]
-- :   0.00:  8.00:  0.00:  0.00:  7.68: 13.72:  3.92:  7.00 ->  Done!
State: [30, 0, 6]
State: [20, 1, 3]
State: [11, 2, 6]
State: [5, 3, 6]
-- :   0.00:  0.00:  6.00:  6.40 ->  Done!
State: [30, 0, 2]
State: [20, 1, 5]
State: [10, 2, 3]
State: [1, 3, 4]
State: [0, 4, 3]
State: [0, 5, 6]
State: [0, 6, 5]
-- :   0.00:  0.00:  0.00: 12.52:  8.23: 11.76:  7.00 ->  Done!
State: [30, 0, 3]
State: [20, 1, 5]
State: [10, 2, 7]
-- :   0.00:  0.20:  5.80 ->  Done!
State: [30, 0, 4]
State: [20, 1, 3]
State: [11, 2, 4]
State: [2, 3, 8]
State: [0, 4, 8]
-- :   0.00:  0.00:  0.00: 13.76: 11.20 ->  Done!
State: [30, 0, 6]
State: [20, 1, 8]
State: [12, 2, 7]
State: [5, 3, 4]
-- :   0.00:  8.00:  7.00:  3.60 ->  Done!
State: [30, 0, 2]
State: [20, 1, 6]
State: [10, 2, 5]
State: [2, 3, 4]
State: [0, 4, 3]
State: [0, 5, 4]
State: [0, 6, 5]
State: [0, 7, 3]
State: [0, 8, 4]
State: [0, 9, 5]
-- :   0.00:  0.00:  0.00: 23.08: 22.59: 21.51: 19.21:  8.23:  7.84:  7.00 ->  Done!
[21.0, 29.481599999999997, 24.663999999999987, 15.879999999999995, 9.719999999999997, 43.74079999999998, 6.799999999999999, 50.65823999999998, 87.69599999999997, 73.95455999999999, 0.7999999999999985, 15.199999999999994, 7.079999999999998, 26.67199999999999, 50.80959999999999, 13.879999999999999, 40.599999999999994, 107.93322239999998, 11.079999999999998, 0.7999999999999985, 7.079999999999998, 7.359999999999998, 74.35430399999997, 36.596799999999995, 7.0, 20.175999999999988, 28.391999999999996, 11.079999999999998, 31.295999999999992, 98.59103999999996, 32.7552, 4.759999999999998, 59.639999999999986, 2.599999999999999, 29.279999999999994, 12.359999999999998, 3.0, 181.12515839999992, 18.967999999999996, 6.2, 125.57439999999995, 48.59999999999999, 39.51679999999999, 22.455999999999996, 17.31199999999999, 11.591999999999995, 32.7552, 4.759999999999998, 125.57439999999995, 3.0, 24.663999999999987, 25.23199999999999, 23.784, 24.615999999999993, 18.967999999999996, 6.2, 7.0, 40.32319999999997, 12.399999999999995, 39.51679999999999, 5.999999999999998, 24.959999999999994, 18.599999999999994, 109.46426879999999]
  Trial   3/200  |  value=0.8181  |  best=0.8310  |  elapsed=4581s
Episode 10000 Average Reward: -130.43030129642491
Episode 20000 Average Reward: -128.40626848870394
Episode 30000 Average Reward: -123.01698895331323
Episode 40000 Average Reward: -123.05200037110778
Episode 50000 Average Reward: -123.01700856804347
Episode 60000 Average Reward: -120.63901782364157
Episode 70000 Average Reward: -120.7680038621286
Episode 80000 Average Reward: -119.46745408451578
Episode 90000 Average Reward: -120.46301614689276
Episode 100000 Average Reward: -120.3225189056614
Episode 110000 Average Reward: -115.59463952316412
Episode 120000 Average Reward: -117.53465602918395
Episode 130000 Average Reward: -117.60653845388282
Episode 140000 Average Reward: -117.12910356495355
Episode 150000 Average Reward: -117.08319954127867
Episode 160000 Average Reward: -115.5497071115878
Episode 170000 Average Reward: -114.95667267576829
Episode 180000 Average Reward: -112.73340416024571
Episode 190000 Average Reward: -113.90384085555195
Episode 200000 Average Reward: -117.42702493130746
Episode 210000 Average Reward: -113.20649049255931
Episode 220000 Average Reward: -111.72988990684156
Episode 230000 Average Reward: -112.1587320799334
Episode 240000 Average Reward: -112.13144089509885
Episode 250000 Average Reward: -111.5135485703577
Episode 260000 Average Reward: -110.23287974921213
Episode 270000 Average Reward: -112.08380318600186
Episode 280000 Average Reward: -108.32633687159806
Episode 290000 Average Reward: -111.51769493968892
Episode 300000 Average Reward: -109.6111105218457
Episode 310000 Average Reward: -108.36795067146237
Episode 320000 Average Reward: -107.38571700137979
Episode 330000 Average Reward: -107.7004557794406
Episode 340000 Average Reward: -105.97693435968507
Episode 350000 Average Reward: -107.22918784220155
Episode 360000 Average Reward: -103.98436401773563
Episode 370000 Average Reward: -103.49804598376444
Episode 380000 Average Reward: -102.47770834240508
Episode 390000 Average Reward: -104.36833680505853
Episode 400000 Average Reward: -103.17576904321021
Episode 410000 Average Reward: -105.51954919748604
Episode 420000 Average Reward: -102.53618958751741
Episode 430000 Average Reward: -102.11646930556925
Episode 440000 Average Reward: -100.99574119899133
Episode 450000 Average Reward: -102.499903174103
Episode 460000 Average Reward: -101.63814316867581
Episode 470000 Average Reward: -99.64204983228413
Episode 480000 Average Reward: -98.27416262627324
Episode 490000 Average Reward: -98.78336073215998
Episode 500000 Average Reward: -100.91661652790269
Episode 510000 Average Reward: -97.7605225864294
Episode 520000 Average Reward: -96.62197196274685
Episode 530000 Average Reward: -98.27828943793149
Episode 540000 Average Reward: -95.9531710306406
Episode 550000 Average Reward: -97.27540105924604
Episode 560000 Average Reward: -97.91126986893309
Episode 570000 Average Reward: -95.36776790383612
Episode 580000 Average Reward: -95.0536099755622
Episode 590000 Average Reward: -97.17852711869438
Episode 600000 Average Reward: -93.20108297974781
Episode 610000 Average Reward: -93.07084285155325
Episode 620000 Average Reward: -92.73292178006012
Episode 630000 Average Reward: -94.24139455405053
Episode 640000 Average Reward: -93.06990077474813
Episode 650000 Average Reward: -93.35280066878461
Episode 660000 Average Reward: -89.73119236504573
Episode 670000 Average Reward: -92.56942295705596
Episode 680000 Average Reward: -90.07844692515836
Episode 690000 Average Reward: -90.89416730772479
Episode 700000 Average Reward: -89.19376617893884
Episode 710000 Average Reward: -88.98354086407167
Episode 720000 Average Reward: -87.21990685389822
Episode 730000 Average Reward: -89.28445255551998
Episode 740000 Average Reward: -88.30787110520829
Episode 750000 Average Reward: -87.93292182573053
Episode 760000 Average Reward: -87.01960258605052
Episode 770000 Average Reward: -87.44299078076413
Episode 780000 Average Reward: -86.17037461903358
Episode 790000 Average Reward: -86.96300829220863
Episode 800000 Average Reward: -86.76954027767805
State: [30, 0, 5]
State: [20, 1, 6]
State: [11, 2, 4]
State: [4, 3, 5]
State: [0, 4, 8]
-- :   0.00:  0.00:  0.00:  5.96: 11.20 ->  Done!
State: [30, 0, 8]
State: [20, 1, 2]
State: [10, 2, 3]
State: [0, 3, 2]
State: [0, 4, 5]
State: [0, 5, 2]
State: [0, 6, 5]
-- :   0.00:  0.00:  0.00:  7.68: 13.72:  3.92:  7.00 ->  Done!
State: [30, 0, 6]
State: [20, 1, 3]
State: [10, 2, 6]
State: [4, 3, 6]
State: [0, 4, 2]
State: [0, 5, 5]
-- :   0.00:  0.00:  6.00:  9.49:  3.92:  7.00 ->  Done!
State: [30, 0, 3]
State: [20, 1, 4]
State: [10, 2, 3]
State: [0, 3, 6]
State: [0, 4, 5]
-- :   0.00:  0.00:  0.00: 11.76:  7.00 ->  Done!
State: [30, 0, 3]
State: [20, 1, 5]
State: [10, 2, 7]
State: [2, 3, 4]
-- :   0.00:  0.00:  6.04:  4.80 ->  Done!
State: [30, 0, 3]
State: [20, 1, 4]
State: [10, 2, 8]
State: [2, 3, 8]
State: [0, 4, 6]
State: [0, 5, 8]
-- :   0.00:  0.00:  8.00: 18.46: 11.76: 11.20 ->  Done!
State: [30, 0, 7]
State: [20, 1, 4]
State: [10, 2, 2]
State: [6, 3, 6]
-- :   0.00:  0.00:  0.08:  6.00 ->  Done!
State: [30, 0, 5]
State: [20, 1, 4]
State: [10, 2, 3]
State: [0, 3, 4]
State: [0, 4, 5]
State: [0, 5, 3]
State: [0, 6, 4]
State: [0, 7, 5]
-- :   0.00:  0.00:  0.00: 21.51: 19.21:  8.23:  7.84:  7.00 ->  Done!
State: [30, 0, 5]
State: [20, 1, 6]
State: [11, 2, 4]
State: [4, 3, 5]
State: [0, 4, 8]
State: [0, 5, 8]
State: [0, 6, 2]
State: [0, 7, 3]
-- :   0.00:  0.00:  0.00:  9.38: 30.73: 21.95:  3.92:  4.20 ->  Done!
State: [30, 0, 2]
State: [20, 1, 5]
State: [10, 2, 2]
State: [6, 3, 5]
State: [0, 4, 6]
State: [0, 5, 3]
State: [0, 6, 6]
State: [0, 7, 6]
-- :   0.00:  0.00:  0.00:  0.62: 23.05:  8.23: 11.76:  8.40 ->  Done!
State: [30, 0, 2]
State: [20, 1, 5]
State: [10, 2, 3]
-- :   0.00:  0.20:  0.20 ->  Done!
State: [30, 0, 4]
State: [20, 1, 3]
State: [10, 2, 6]
State: [4, 3, 5]
State: [0, 4, 3]
-- :   0.00:  0.00:  6.00:  5.96:  4.20 ->  Done!
State: [30, 0, 5]
State: [20, 1, 7]
State: [13, 2, 4]
-- :   0.00:  7.00:  3.20 ->  Done!
State: [30, 0, 3]
State: [20, 1, 4]
State: [10, 2, 8]
State: [2, 3, 8]
State: [0, 4, 6]
-- :   0.00:  0.00:  8.00: 13.76:  8.40 ->  Done!
State: [30, 0, 8]
State: [20, 1, 7]
State: [13, 2, 4]
State: [7, 3, 2]
State: [0, 4, 6]
State: [0, 5, 5]
State: [0, 6, 4]
State: [0, 7, 3]
-- :   0.00:  7.00:  0.00:  0.00: 23.05: 13.72:  7.84:  4.20 ->  Done!
State: [30, 0, 4]
State: [20, 1, 5]
State: [10, 2, 3]
State: [0, 3, 4]
State: [0, 4, 5]
-- :   0.00:  0.00:  0.00:  7.84:  7.00 ->  Done!
State: [30, 0, 5]
State: [20, 1, 6]
State: [11, 2, 4]
State: [4, 3, 5]
State: [0, 4, 8]
State: [0, 5, 8]
-- :   0.00:  0.00:  0.00:  6.74: 15.68: 11.20 ->  Done!
State: [30, 0, 2]
State: [20, 1, 3]
State: [10, 2, 2]
State: [6, 3, 5]
State: [0, 4, 2]
State: [0, 5, 5]
State: [0, 6, 6]
State: [0, 7, 3]
State: [0, 8, 6]
State: [0, 9, 6]
-- :   0.00:  0.00:  0.00:  0.00: 15.06: 26.89: 23.05:  8.23: 11.76:  8.40 ->  Done!
State: [30, 0, 2]
State: [20, 1, 5]
State: [10, 2, 3]
State: [0, 3, 4]
State: [0, 4, 3]
-- :   0.00:  0.00:  0.00:  7.84:  4.20 ->  Done!
State: [30, 0, 6]
State: [20, 1, 5]
State: [10, 2, 3]
-- :   0.00:  0.20:  0.20 ->  Done!
State: [30, 0, 5]
State: [20, 1, 7]
State: [13, 2, 4]
-- :   0.00:  7.00:  3.20 ->  Done!
State: [30, 0, 3]
State: [20, 1, 4]
State: [10, 2, 8]
-- :   0.00:  0.00:  8.00 ->  Done!
State: [30, 0, 8]
State: [20, 1, 6]
State: [11, 2, 8]
State: [4, 3, 7]
State: [0, 4, 4]
State: [0, 5, 2]
State: [0, 6, 6]
State: [0, 7, 5]
-- :   0.00:  0.00: 14.53: 20.13: 15.37:  5.49: 11.76:  7.00 ->  Done!
State: [30, 0, 4]
State: [20, 1, 3]
State: [10, 2, 4]
State: [1, 3, 5]
State: [0, 4, 3]
State: [0, 5, 4]
State: [0, 6, 5]
-- :   0.00:  0.00:  0.00: 16.37:  8.23:  7.84:  7.00 ->  Done!
State: [30, 0, 5]
State: [20, 1, 6]
State: [11, 2, 4]
State: [4, 3, 5]
-- :   0.00:  0.77:  1.12:  5.40 ->  Done!
State: [30, 0, 8]
State: [20, 1, 8]
State: [10, 2, 2]
State: [6, 3, 3]
State: [0, 4, 2]
State: [0, 5, 5]
-- :   0.00:  0.00:  0.00:  0.00:  3.92:  7.00 ->  Done!
State: [30, 0, 2]
State: [20, 1, 5]
State: [10, 2, 6]
State: [4, 3, 3]
State: [0, 4, 6]
State: [0, 5, 6]
-- :   0.00:  0.00:  6.00:  1.26: 11.76:  8.40 ->  Done!
State: [30, 0, 2]
State: [20, 1, 5]
State: [10, 2, 3]
State: [0, 3, 4]
State: [0, 4, 3]
-- :   0.00:  0.00:  0.00:  7.84:  4.20 ->  Done!
State: [30, 0, 6]
State: [20, 1, 5]
State: [10, 2, 3]
State: [0, 3, 5]
State: [0, 4, 7]
State: [0, 5, 4]
-- :   0.00:  0.00:  0.00: 13.72: 13.72:  5.60 ->  Done!
State: [30, 0, 3]
State: [20, 1, 4]
State: [10, 2, 8]
State: [2, 3, 8]
State: [0, 4, 6]
State: [0, 5, 8]
State: [0, 6, 7]
State: [0, 7, 4]
-- :   0.00:  0.00:  8.00: 34.27: 23.05: 21.95: 13.72:  5.60 ->  Done!
State: [30, 0, 2]
State: [20, 1, 6]
State: [11, 2, 5]
State: [1, 3, 4]
State: [0, 4, 3]
State: [0, 5, 4]
State: [0, 6, 5]
-- :   0.00:  0.00:  0.00: 12.52:  8.23:  7.84:  7.00 ->  Done!
State: [30, 0, 3]
State: [20, 1, 4]
State: [10, 2, 5]
-- :   0.00:  0.00:  3.80 ->  Done!
State: [30, 0, 5]
State: [20, 1, 6]
State: [11, 2, 4]
State: [4, 3, 5]
State: [0, 4, 8]
State: [0, 5, 8]
State: [0, 6, 2]
-- :   0.00:  0.00:  0.00:  7.84: 21.95: 15.68:  2.80 ->  Done!
State: [30, 0, 3]
State: [20, 1, 2]
State: [10, 2, 5]
State: [2, 3, 2]
-- :   0.00:  0.00:  2.12:  2.00 ->  Done!
State: [30, 0, 5]
State: [20, 1, 6]
State: [11, 2, 3]
State: [3, 3, 6]
State: [0, 4, 6]
State: [0, 5, 2]
-- :   0.00:  0.00:  0.00: 11.23: 11.76:  2.80 ->  Done!
State: [30, 0, 5]
State: [20, 1, 3]
State: [10, 2, 4]
State: [1, 3, 3]
State: [0, 4, 6]
-- :   0.00:  0.00:  0.00:  4.92:  8.40 ->  Done!
State: [30, 0, 5]
State: [20, 1, 3]
State: [10, 2, 5]
-- :   0.00:  0.00:  3.80 ->  Done!
State: [30, 0, 7]
State: [20, 1, 4]
State: [10, 2, 3]
State: [0, 3, 4]
State: [0, 4, 8]
State: [0, 5, 8]
State: [0, 6, 6]
State: [0, 7, 8]
State: [0, 8, 7]
State: [0, 9, 4]
-- :   0.00:  0.00:  0.00: 42.17: 60.24: 43.03: 23.05: 21.95: 13.72:  5.60 ->  Done!
State: [30, 0, 2]
State: [20, 1, 6]
State: [11, 2, 5]
State: [1, 3, 4]
State: [0, 4, 3]
State: [0, 5, 4]
-- :   0.00:  0.00:  0.00:  9.23:  5.88:  5.60 ->  Done!
State: [30, 0, 5]
State: [20, 1, 3]
State: [10, 2, 4]
State: [1, 3, 5]
-- :   0.00:  0.00:  0.00:  6.60 ->  Done!
State: [30, 0, 5]
State: [20, 1, 6]
State: [11, 2, 4]
State: [4, 3, 5]
State: [0, 4, 8]
State: [0, 5, 8]
State: [0, 6, 2]
State: [0, 7, 3]
State: [0, 8, 2]
-- :   0.00:  0.00:  0.00: 11.53: 43.03: 30.73:  5.49:  5.88:  2.80 ->  Done!
State: [30, 0, 5]
State: [20, 1, 2]
State: [10, 2, 5]
State: [2, 3, 6]
State: [0, 4, 3]
State: [0, 5, 6]
State: [0, 6, 6]
-- :   0.00:  0.00:  0.00: 17.37:  8.23: 11.76:  8.40 ->  Done!
State: [30, 0, 2]
State: [20, 1, 5]
State: [10, 2, 3]
State: [0, 3, 4]
State: [0, 4, 3]
State: [0, 5, 6]
State: [0, 6, 5]
-- :   0.00:  0.00:  0.00: 15.37:  8.23: 11.76:  7.00 ->  Done!
State: [30, 0, 3]
State: [20, 1, 5]
State: [10, 2, 7]
State: [2, 3, 4]
State: [0, 4, 3]
State: [0, 5, 4]
-- :   0.00:  0.00:  4.16:  7.49:  5.88:  5.60 ->  Done!
State: [30, 0, 8]
State: [20, 1, 8]
State: [10, 2, 6]
-- :   4.51:  6.08:  6.00 ->  Done!
State: [30, 0, 8]
State: [20, 1, 7]
State: [13, 2, 4]
-- :   4.51:  7.00:  3.20 ->  Done!
State: [30, 0, 2]
State: [20, 1, 6]
State: [11, 2, 5]
State: [1, 3, 4]
State: [0, 4, 3]
State: [0, 5, 4]
State: [0, 6, 5]
-- :   0.00:  0.00:  0.00: 12.52:  8.23:  7.84:  7.00 ->  Done!
State: [30, 0, 3]
State: [20, 1, 4]
State: [10, 2, 5]
-- :   0.00:  0.00:  3.80 ->  Done!
State: [30, 0, 5]
State: [20, 1, 6]
State: [11, 2, 4]
State: [4, 3, 5]
State: [0, 4, 8]
State: [0, 5, 8]
State: [0, 6, 2]
State: [0, 7, 3]
State: [0, 8, 2]
-- :   0.00:  0.00:  0.00: 11.53: 43.03: 30.73:  5.49:  5.88:  2.80 ->  Done!
State: [30, 0, 5]
State: [20, 1, 2]
State: [10, 2, 5]
-- :   0.00:  0.00:  3.80 ->  Done!
State: [30, 0, 6]
State: [20, 1, 3]
State: [10, 2, 6]
State: [4, 3, 6]
State: [0, 4, 2]
State: [0, 5, 5]
-- :   0.00:  0.00:  6.00:  9.49:  3.92:  7.00 ->  Done!
State: [30, 0, 3]
State: [20, 1, 4]
State: [10, 2, 3]
State: [0, 3, 6]
State: [0, 4, 5]
State: [0, 5, 3]
-- :   0.00:  0.00:  0.00: 16.46:  9.80:  4.20 ->  Done!
State: [30, 0, 5]
State: [20, 1, 7]
State: [13, 2, 4]
State: [7, 3, 3]
State: [0, 4, 4]
State: [0, 5, 8]
-- :   0.00:  7.00:  0.00:  0.00:  7.84: 11.20 ->  Done!
State: [30, 0, 8]
State: [20, 1, 6]
State: [11, 2, 8]
State: [4, 3, 7]
State: [0, 4, 4]
-- :   0.00:  0.00:  9.74:  9.88:  5.60 ->  Done!
State: [30, 0, 2]
State: [20, 1, 6]
State: [11, 2, 5]
State: [1, 3, 4]
State: [0, 4, 3]
State: [0, 5, 4]
-- :   0.00:  0.00:  0.00:  9.23:  5.88:  5.60 ->  Done!
State: [30, 0, 5]
State: [20, 1, 3]
State: [10, 2, 4]
State: [1, 3, 5]
-- :   0.00:  0.00:  0.00:  6.60 ->  Done!
State: [30, 0, 5]
State: [20, 1, 6]
State: [11, 2, 4]
State: [4, 3, 5]
-- :   0.00:  0.77:  1.12:  5.40 ->  Done!
State: [30, 0, 8]
State: [20, 1, 8]
State: [10, 2, 2]
State: [6, 3, 3]
State: [0, 4, 2]
State: [0, 5, 5]
State: [0, 6, 2]
State: [0, 7, 5]
-- :   0.00:  0.00:  0.00:  0.00:  7.68: 13.72:  3.92:  7.00 ->  Done!
State: [30, 0, 6]
State: [20, 1, 3]
State: [10, 2, 6]
State: [4, 3, 6]
-- :   0.00:  0.00:  6.00:  6.80 ->  Done!
State: [30, 0, 2]
State: [20, 1, 5]
State: [10, 2, 3]
State: [0, 3, 4]
State: [0, 4, 3]
State: [0, 5, 6]
State: [0, 6, 5]
-- :   0.00:  0.00:  0.00: 15.37:  8.23: 11.76:  7.00 ->  Done!
State: [30, 0, 3]
State: [20, 1, 5]
State: [10, 2, 7]
-- :   0.00:  0.20:  6.60 ->  Done!
State: [30, 0, 4]
State: [20, 1, 3]
State: [10, 2, 4]
State: [1, 3, 8]
State: [0, 4, 8]
-- :   0.00:  0.00:  0.00: 14.72: 11.20 ->  Done!
State: [30, 0, 6]
State: [20, 1, 8]
State: [10, 2, 7]
State: [2, 3, 4]
-- :   0.00:  4.51:  6.04:  4.80 ->  Done!
State: [30, 0, 2]
State: [20, 1, 6]
State: [11, 2, 5]
State: [1, 3, 4]
State: [0, 4, 3]
State: [0, 5, 4]
State: [0, 6, 5]
State: [0, 7, 3]
State: [0, 8, 4]
State: [0, 9, 5]
-- :   0.00:  0.00:  0.00: 32.62: 22.59: 21.51: 19.21:  8.23:  7.84:  7.00 ->  Done!
[17.159999999999997, 32.32319999999999, 26.407999999999987, 18.759999999999998, 10.839999999999998, 49.42399999999998, 6.079999999999997, 63.79295999999998, 70.18303999999998, 52.06335999999998, 0.3999999999999986, 16.159999999999993, 10.199999999999996, 30.15999999999999, 55.80959999999995, 14.84, 33.623999999999995, 93.39187199999998, 12.04, 0.3999999999999986, 10.199999999999996, 7.999999999999999, 74.27865599999996, 39.43839999999999, 7.287999999999996, 10.92, 27.415999999999986, 12.04, 33.03999999999999, 106.59103999999994, 35.59679999999999, 3.8, 48.27359999999999, 4.119999999999999, 25.79199999999999, 13.319999999999997, 3.8, 209.74920959999992, 20.711999999999996, 6.6, 99.45625599999997, 45.75839999999998, 42.35839999999999, 23.126399999999997, 16.59199999999999, 14.711999999999993, 35.59679999999999, 3.8, 99.45625599999997, 3.8, 26.407999999999987, 30.463999999999995, 26.03999999999998, 25.223999999999997, 20.711999999999996, 6.6, 7.287999999999996, 32.32319999999999, 12.799999999999995, 42.35839999999999, 6.799999999999998, 25.919999999999995, 15.351999999999997, 119.00561919999997]
  Trial   4/200  |  value=0.8118  |  best=0.8310  |  elapsed=5992s
Episode 10000 Average Reward: -124.897200585431
Episode 20000 Average Reward: -116.12574785472509
Episode 30000 Average Reward: -117.23904383462396
Episode 40000 Average Reward: -115.68572372444156
Episode 50000 Average Reward: -111.56359142998012
Episode 60000 Average Reward: -113.7973158515814
Episode 70000 Average Reward: -110.79078350994429
Episode 80000 Average Reward: -113.09992848466939
Episode 90000 Average Reward: -112.76688926347259
Episode 100000 Average Reward: -113.76965021135868
Episode 110000 Average Reward: -112.0941219565158
Episode 120000 Average Reward: -111.42136957626364
Episode 130000 Average Reward: -110.3693803301478
Episode 140000 Average Reward: -108.60479203272699
Episode 150000 Average Reward: -109.37881618812925
Episode 160000 Average Reward: -107.82411610652667
Episode 170000 Average Reward: -107.35317137507323
Episode 180000 Average Reward: -106.13989923321851
Episode 190000 Average Reward: -107.94516713245693
Episode 200000 Average Reward: -105.9894818739302
Episode 210000 Average Reward: -108.48060853066747
Episode 220000 Average Reward: -106.31747685949436
Episode 230000 Average Reward: -104.09857990850557
Episode 240000 Average Reward: -105.33639758732284
Episode 250000 Average Reward: -103.84071102019581
Episode 260000 Average Reward: -105.08097040233467
Episode 270000 Average Reward: -105.3094292551782
Episode 280000 Average Reward: -105.05812129012733
Episode 290000 Average Reward: -102.2608637464883
Episode 300000 Average Reward: -104.5167954699878
Episode 310000 Average Reward: -104.15895622844413
Episode 320000 Average Reward: -105.15183718218749
Episode 330000 Average Reward: -103.83431420572668
Episode 340000 Average Reward: -101.56672280693756
Episode 350000 Average Reward: -102.50621699314685
Episode 360000 Average Reward: -100.48343241940988
Episode 370000 Average Reward: -102.30821120867326
Episode 380000 Average Reward: -101.85210602132477
Episode 390000 Average Reward: -99.7438007382835
Episode 400000 Average Reward: -98.38237442295805
Episode 410000 Average Reward: -99.12729287004157
Episode 420000 Average Reward: -97.00551343683581
Episode 430000 Average Reward: -96.04765695433724
Episode 440000 Average Reward: -96.76129496318973
Episode 450000 Average Reward: -98.64363929722877
Episode 460000 Average Reward: -97.29739191462909
Episode 470000 Average Reward: -97.5729936338227
Episode 480000 Average Reward: -95.67512004184061
Episode 490000 Average Reward: -96.24321608952829
Episode 500000 Average Reward: -96.11473174754302
Episode 510000 Average Reward: -95.78778470256637
Episode 520000 Average Reward: -97.13172733944828
Episode 530000 Average Reward: -92.5796898294579
Episode 540000 Average Reward: -94.06471200967675
Episode 550000 Average Reward: -93.6362084245094
Episode 560000 Average Reward: -92.56068253262845
Episode 570000 Average Reward: -92.63168016444412
Episode 580000 Average Reward: -94.34499593676797
Episode 590000 Average Reward: -95.87064325216252
Episode 600000 Average Reward: -90.8930334703718
Episode 610000 Average Reward: -91.49390051682302
Episode 620000 Average Reward: -93.555485490903
Episode 630000 Average Reward: -91.19539656893437
Episode 640000 Average Reward: -90.62544428039165
Episode 650000 Average Reward: -89.10506691137533
Episode 660000 Average Reward: -89.43315581807613
Episode 670000 Average Reward: -90.09404582472699
Episode 680000 Average Reward: -87.85071663255549
Episode 690000 Average Reward: -90.37436599880701
Episode 700000 Average Reward: -88.73791098483709
Episode 710000 Average Reward: -86.45871491164158
Episode 720000 Average Reward: -89.7072658954035
Episode 730000 Average Reward: -86.98464374499325
Episode 740000 Average Reward: -86.83068192700414
Episode 750000 Average Reward: -86.92634163940349
Episode 760000 Average Reward: -87.30440515292156
Episode 770000 Average Reward: -86.45631468239868
Episode 780000 Average Reward: -86.40086664395773
Episode 790000 Average Reward: -82.34445173601277
Episode 800000 Average Reward: -85.97272898413566
State: [30, 0, 5]
State: [20, 1, 6]
State: [12, 2, 4]
State: [4, 3, 5]
State: [0, 4, 8]
-- :   0.00:  0.32:  0.00:  5.96: 11.20 ->  Done!
State: [30, 0, 8]
State: [20, 1, 2]
State: [12, 2, 3]
State: [2, 3, 2]
State: [0, 4, 5]
State: [0, 5, 2]
State: [0, 6, 5]
-- :   0.00:  0.00:  0.00:  2.00: 13.72:  3.92:  7.00 ->  Done!
State: [30, 0, 6]
State: [20, 1, 3]
State: [10, 2, 6]
State: [0, 3, 6]
State: [0, 4, 2]
State: [0, 5, 5]
-- :   0.00:  0.00:  0.00: 16.46:  3.92:  7.00 ->  Done!
State: [30, 0, 3]
State: [20, 1, 4]
State: [10, 2, 3]
State: [0, 3, 6]
State: [0, 4, 5]
-- :   0.00:  0.00:  0.00: 11.76:  7.00 ->  Done!
State: [30, 0, 3]
State: [20, 1, 5]
State: [11, 2, 7]
State: [7, 3, 4]
-- :   0.00:  0.00:  9.88:  2.80 ->  Done!
State: [30, 0, 3]
State: [20, 1, 4]
State: [10, 2, 8]
State: [3, 3, 8]
State: [0, 4, 6]
State: [0, 5, 8]
-- :   0.00:  0.00: 10.84: 16.72: 11.76: 11.20 ->  Done!
State: [30, 0, 7]
State: [20, 1, 4]
State: [10, 2, 2]
State: [2, 3, 6]
-- :   0.00:  0.00:  0.00:  7.60 ->  Done!
State: [30, 0, 5]
State: [20, 1, 4]
State: [10, 2, 3]
State: [0, 3, 4]
State: [0, 4, 5]
State: [0, 5, 3]
State: [0, 6, 4]
State: [0, 7, 5]
-- :   0.00:  0.00:  0.00: 21.51: 19.21:  8.23:  7.84:  7.00 ->  Done!
State: [30, 0, 5]
State: [20, 1, 6]
State: [12, 2, 4]
State: [4, 3, 5]
State: [0, 4, 8]
State: [0, 5, 8]
State: [0, 6, 2]
State: [0, 7, 3]
-- :   0.00:  0.00:  0.00:  9.38: 30.73: 21.95:  3.92:  4.20 ->  Done!
State: [30, 0, 2]
State: [22, 1, 5]
State: [14, 2, 2]
State: [5, 3, 5]
State: [0, 4, 6]
State: [0, 5, 3]
State: [0, 6, 6]
State: [0, 7, 6]
-- :   0.00:  0.00:  0.00:  5.00: 23.05:  8.23: 11.76:  8.40 ->  Done!
State: [30, 0, 2]
State: [22, 1, 5]
State: [14, 2, 3]
-- :   0.00:  2.12:  0.60 ->  Done!
State: [30, 0, 4]
State: [20, 1, 3]
State: [10, 2, 6]
State: [0, 3, 5]
State: [0, 4, 3]
-- :   0.00:  0.00:  0.00:  9.80:  4.20 ->  Done!
State: [30, 0, 5]
State: [20, 1, 7]
State: [10, 2, 4]
-- :   0.00:  4.12:  3.20 ->  Done!
State: [30, 0, 3]
State: [20, 1, 4]
State: [10, 2, 8]
State: [3, 3, 8]
State: [0, 4, 6]
-- :   0.00:  0.00:  9.74: 12.80:  8.40 ->  Done!
State: [30, 0, 8]
State: [20, 1, 7]
State: [10, 2, 4]
State: [4, 3, 2]
State: [0, 4, 6]
State: [0, 5, 5]
State: [0, 6, 4]
State: [0, 7, 3]
-- :   0.00:  0.00:  0.00:  0.00: 23.05: 13.72:  7.84:  4.20 ->  Done!
State: [30, 0, 4]
State: [20, 1, 5]
State: [11, 2, 3]
State: [7, 3, 4]
State: [0, 4, 5]
-- :   0.00:  0.00:  1.26:  1.12:  7.00 ->  Done!
State: [30, 0, 5]
State: [20, 1, 6]
State: [12, 2, 4]
State: [4, 3, 5]
State: [0, 4, 8]
State: [0, 5, 8]
-- :   0.00:  0.00:  0.00:  6.74: 15.68: 11.20 ->  Done!
State: [30, 0, 2]
State: [22, 1, 3]
State: [12, 2, 2]
State: [5, 3, 5]
State: [0, 4, 2]
State: [0, 5, 5]
State: [0, 6, 6]
State: [0, 7, 3]
State: [0, 8, 6]
State: [0, 9, 6]
-- :   0.00:  0.00:  0.00:  5.00: 15.06: 26.89: 23.05:  8.23: 11.76:  8.40 ->  Done!
State: [30, 0, 2]
State: [22, 1, 5]
State: [14, 2, 3]
State: [5, 3, 4]
State: [0, 4, 3]
-- :   0.00:  0.00:  0.00:  3.04:  4.20 ->  Done!
State: [30, 0, 6]
State: [20, 1, 5]
State: [11, 2, 3]
-- :   0.00:  1.16:  2.60 ->  Done!
State: [30, 0, 5]
State: [20, 1, 7]
State: [10, 2, 4]
-- :   0.00:  4.12:  3.20 ->  Done!
State: [30, 0, 3]
State: [20, 1, 4]
State: [10, 2, 8]
-- :   0.00:  0.00:  8.40 ->  Done!
State: [30, 0, 8]
State: [20, 1, 6]
State: [12, 2, 8]
State: [2, 3, 7]
State: [0, 4, 4]
State: [0, 5, 2]
State: [0, 6, 6]
State: [0, 7, 5]
-- :   0.00:  0.00:  0.00: 28.89: 15.37:  5.49: 11.76:  7.00 ->  Done!
State: [30, 0, 4]
State: [20, 1, 3]
State: [10, 2, 4]
State: [4, 3, 5]
State: [0, 4, 3]
State: [0, 5, 4]
State: [0, 6, 5]
-- :   0.00:  0.00:  0.00:  7.84:  8.23:  7.84:  7.00 ->  Done!
State: [30, 0, 5]
State: [20, 1, 6]
State: [12, 2, 4]
State: [4, 3, 5]
-- :   0.00:  2.51:  0.16:  5.40 ->  Done!
State: [30, 0, 8]
State: [20, 1, 8]
State: [10, 2, 2]
State: [2, 3, 3]
State: [0, 4, 2]
State: [0, 5, 5]
-- :   0.00:  0.00:  0.00:  4.74:  3.92:  7.00 ->  Done!
State: [30, 0, 2]
State: [22, 1, 5]
State: [14, 2, 6]
State: [6, 3, 3]
State: [0, 4, 6]
State: [0, 5, 6]
-- :   0.00:  0.00:  0.32:  0.00: 11.76:  8.40 ->  Done!
State: [30, 0, 2]
State: [22, 1, 5]
State: [14, 2, 3]
State: [5, 3, 4]
State: [0, 4, 3]
-- :   0.00:  0.00:  0.00:  3.04:  4.20 ->  Done!
State: [30, 0, 6]
State: [20, 1, 5]
State: [11, 2, 3]
State: [7, 3, 5]
State: [0, 4, 7]
State: [0, 5, 4]
-- :   0.00:  0.00:  0.16:  1.51: 13.72:  5.60 ->  Done!
State: [30, 0, 3]
State: [20, 1, 4]
State: [10, 2, 8]
State: [3, 3, 8]
State: [0, 4, 6]
State: [0, 5, 8]
State: [0, 6, 7]
State: [0, 7, 4]
-- :   0.00:  0.00: 14.53: 29.89: 23.05: 21.95: 13.72:  5.60 ->  Done!
State: [30, 0, 2]
State: [22, 1, 6]
State: [12, 2, 5]
State: [7, 3, 4]
State: [0, 4, 3]
State: [0, 5, 4]
State: [0, 6, 5]
-- :   0.00:  0.00:  5.00:  0.00:  8.23:  7.84:  7.00 ->  Done!
State: [30, 0, 3]
State: [20, 1, 4]
State: [10, 2, 5]
-- :   0.00:  0.00:  3.80 ->  Done!
State: [30, 0, 5]
State: [20, 1, 6]
State: [12, 2, 4]
State: [4, 3, 5]
State: [0, 4, 8]
State: [0, 5, 8]
State: [0, 6, 2]
-- :   0.00:  0.00:  0.00:  7.84: 21.95: 15.68:  2.80 ->  Done!
State: [30, 0, 3]
State: [20, 1, 2]
State: [12, 2, 5]
State: [7, 3, 2]
-- :   0.00:  0.00:  5.00:  0.00 ->  Done!
State: [30, 0, 5]
State: [20, 1, 6]
State: [12, 2, 3]
State: [2, 3, 6]
State: [0, 4, 6]
State: [0, 5, 2]
-- :   0.00:  0.00:  0.00: 12.98: 11.76:  2.80 ->  Done!
State: [30, 0, 5]
State: [20, 1, 3]
State: [10, 2, 4]
State: [4, 3, 3]
State: [0, 4, 6]
-- :   0.00:  0.00:  0.51:  2.04:  8.40 ->  Done!
State: [30, 0, 5]
State: [20, 1, 3]
State: [10, 2, 5]
-- :   0.00:  0.00:  3.80 ->  Done!
State: [30, 0, 7]
State: [20, 1, 4]
State: [10, 2, 3]
State: [0, 3, 4]
State: [0, 4, 8]
State: [0, 5, 8]
State: [0, 6, 6]
State: [0, 7, 8]
State: [0, 8, 7]
State: [0, 9, 4]
-- :   0.00:  0.00:  0.00: 42.17: 60.24: 43.03: 23.05: 21.95: 13.72:  5.60 ->  Done!
State: [30, 0, 2]
State: [22, 1, 6]
State: [12, 2, 5]
State: [7, 3, 4]
State: [0, 4, 3]
State: [0, 5, 4]
-- :   0.00:  0.00:  5.00:  0.00:  5.88:  5.60 ->  Done!
State: [30, 0, 5]
State: [20, 1, 3]
State: [10, 2, 4]
State: [4, 3, 5]
-- : 