nohup: no se tendrá en cuenta la entrada
[watch_and_push] Vigilando PIDs: 243816 243840
[watch_and_push] Proyecto: /home/mecatronica/Documentos/maximiliano/mPES
[watch_and_push] Rama: rl_optim
[watch_and_push] PID 243816 -> PES_QLv2.ext.optimize_rl 80
[watch_and_push] PID 243840 -> PES_Bayesian.ext.optimize_rl 50
[watch_and_push] [2026-02-19 12:32] PID 243840 (PES_Bayesian.ext.optimize_rl 50) terminó. Realizando commit + push...
[rl_optim 488aaa8] auto: Optimización PES_Bayesian.ext.optimize_rl 50 completada (2026-02-19 12:32)
 12 files changed, 48728 insertions(+), 6 deletions(-)
 create mode 100644 PES_Bayesian/inputs/2026-02-18_BAYESIAN_OPT/hyperparameter_importances_2026-02-18.png
 create mode 100644 PES_Bayesian/inputs/2026-02-18_BAYESIAN_OPT/optimization_history_2026-02-18.png
 create mode 100644 PES_Bayesian/inputs/2026-02-18_BAYESIAN_OPT/optimization_results_2026-02-18.txt
 create mode 100644 PES_Bayesian/inputs/2026-02-18_BAYESIAN_OPT/q_best_2026-02-18.npy
 create mode 100644 PES_Bayesian/inputs/2026-02-18_BAYESIAN_OPT/rewards_best_2026-02-18.npy
 create mode 100644 PES_QLv2/inputs/2026-02-18_BAYESIAN_OPT/optuna_study_2026-02-18.db
 create mode 100644 PES_QLv2/inputs/bayesian_opt.log
 create mode 100644 PES_QLv2/inputs/watch_and_push.log
 create mode 100755 PES_QLv2/utils/watch_and_push.sh
To https://github.com/Maximiliano0/mPES_2026.git
   e16b094..488aaa8  rl_optim -> rl_optim
[watch_and_push] [2026-02-19 12:32] Push completado para PES_Bayesian.ext.optimize_rl 50
[watch_and_push] [2026-02-20 04:18] PID 243816 (PES_QLv2.ext.optimize_rl 80) terminó. Realizando commit + push...
